\BOOKMARK [0][-]{section*.4}{摘 要}{}% 1
\BOOKMARK [0][-]{section*.5}{ABSTRACT}{}% 2
\BOOKMARK [0][-]{chapter.1}{绪论}{}% 3
\BOOKMARK [1][-]{section.1.1}{面向软硬件设计验证的可满足问题求解}{chapter.1}% 4
\BOOKMARK [1][-]{section.1.2}{可满足问题以及相关概念}{chapter.1}% 5
\BOOKMARK [2][-]{subsection.1.2.1}{可满足问题求解}{section.1.2}% 6
\BOOKMARK [2][-]{subsection.1.2.2}{可满足赋值遍历}{section.1.2}% 7
\BOOKMARK [2][-]{subsection.1.2.3}{Craig插值的原理和实现}{section.1.2}% 8
\BOOKMARK [1][-]{section.1.3}{开放环境下数据隐私的安全威胁}{chapter.1}% 9
\BOOKMARK [1][-]{section.1.4}{开放计算环境下可满足问题求解的隐私保护问题}{chapter.1}% 10
\BOOKMARK [2][-]{subsection.1.4.1}{CNF公式中的结构信息}{section.1.4}% 11
\BOOKMARK [2][-]{subsection.1.4.2}{SAT问题隐私保护的对象}{section.1.4}% 12
\BOOKMARK [1][-]{section.1.5}{本文的主要工作}{chapter.1}% 13
\BOOKMARK [2][-]{subsection.1.5.1}{已有工作的局限}{section.1.5}% 14
\BOOKMARK [2][-]{subsection.1.5.2}{研究内容与创新点}{section.1.5}% 15
\BOOKMARK [1][-]{section.1.6}{论文组织结构}{chapter.1}% 16
\BOOKMARK [0][-]{chapter.2}{相关研究}{}% 17
\BOOKMARK [1][-]{section.2.1}{外包计算的隐私保护研究}{chapter.2}% 18
\BOOKMARK [2][-]{subsection.2.1.1}{基于同态加密的方法}{section.2.1}% 19
\BOOKMARK [2][-]{subsection.2.1.2}{基于数据伪装的方法}{section.2.1}% 20
\BOOKMARK [1][-]{section.2.2}{计算完整性验证研究}{chapter.2}% 21
\BOOKMARK [1][-]{section.2.3}{混淆技术研究}{chapter.2}% 22
\BOOKMARK [2][-]{subsection.2.3.1}{程序混淆}{section.2.3}% 23
\BOOKMARK [2][-]{subsection.2.3.2}{硬件计量和硬件水印}{section.2.3}% 24
\BOOKMARK [1][-]{section.2.4}{本章小结}{chapter.2}% 25
\BOOKMARK [0][-]{chapter.3}{结构感知的CNF混淆算法}{}% 26
\BOOKMARK [1][-]{section.3.1}{引言}{chapter.3}% 27
\BOOKMARK [1][-]{section.3.2}{问题描述}{chapter.3}% 28
\BOOKMARK [1][-]{section.3.3}{基于CNF混淆的SAT求解方法}{chapter.3}% 29
\BOOKMARK [2][-]{subsection.3.3.1}{SAT求解框架}{section.3.3}% 30
\BOOKMARK [2][-]{subsection.3.3.2}{单一Husk公式产生算法}{section.3.3}% 31
\BOOKMARK [2][-]{subsection.3.3.3}{解空间保持的混淆算法}{section.3.3}% 32
\BOOKMARK [2][-]{subsection.3.3.4}{映射和验证算法}{section.3.3}% 33
\BOOKMARK [1][-]{section.3.4}{理论分析和实验评估}{chapter.3}% 34
\BOOKMARK [2][-]{subsection.3.4.1}{理论分析}{section.3.4}% 35
\BOOKMARK [2][-]{subsection.3.4.2}{实验评估}{section.3.4}% 36
\BOOKMARK [1][-]{section.3.5}{本章小结}{chapter.3}% 37
\BOOKMARK [0][-]{chapter.4}{解空间投影等价的混淆算法}{}% 38
\BOOKMARK [1][-]{section.4.1}{引言}{chapter.4}% 39
\BOOKMARK [1][-]{section.4.2}{问题描述}{chapter.4}% 40
\BOOKMARK [2][-]{subsection.4.2.1}{ALLSAT求解}{section.4.2}% 41
\BOOKMARK [2][-]{subsection.4.2.2}{基于ALLSAT求解和分区的攻击}{section.4.2}% 42
\BOOKMARK [1][-]{section.4.3}{解空间投影等价的混淆算法}{chapter.4}% 43
\BOOKMARK [2][-]{subsection.4.3.1}{簇形Husk公式的产生}{section.4.3}% 44
\BOOKMARK [2][-]{subsection.4.3.2}{解空间投影等价的混淆}{section.4.3}% 45
\BOOKMARK [2][-]{subsection.4.3.3}{解恢复和验证算法}{section.4.3}% 46
\BOOKMARK [1][-]{section.4.4}{理论分析和证明}{chapter.4}% 47
\BOOKMARK [2][-]{subsection.4.4.1}{正确性证明}{section.4.4}% 48
\BOOKMARK [1][-]{section.4.5}{本章小结}{chapter.4}% 49
\BOOKMARK [0][-]{chapter.5}{解空间上估计的混淆算法}{}% 50
\BOOKMARK [1][-]{section.5.1}{引言}{chapter.5}% 51
\BOOKMARK [1][-]{section.5.2}{问题描述}{chapter.5}% 52
\BOOKMARK [2][-]{subsection.5.2.1}{系统假设}{section.5.2}% 53
\BOOKMARK [1][-]{section.5.3}{系统设计}{chapter.5}% 54
\BOOKMARK [2][-]{subsection.5.3.1}{基于混淆的SAT求解框架}{section.5.3}% 55
\BOOKMARK [2][-]{subsection.5.3.2}{Husks公式的产生}{section.5.3}% 56
\BOOKMARK [2][-]{subsection.5.3.3}{解空间上估计的混淆}{section.5.3}% 57
\BOOKMARK [2][-]{subsection.5.3.4}{真实解的恢复}{section.5.3}% 58
\BOOKMARK [1][-]{section.5.4}{理论分析}{chapter.5}% 59
\BOOKMARK [2][-]{subsection.5.4.1}{正确性证明}{section.5.4}% 60
\BOOKMARK [2][-]{subsection.5.4.2}{有效性分析}{section.5.4}% 61
\BOOKMARK [2][-]{subsection.5.4.3}{算法复杂性分析}{section.5.4}% 62
\BOOKMARK [1][-]{section.5.5}{实验评估}{chapter.5}% 63
\BOOKMARK [2][-]{subsection.5.5.1}{实验设计}{section.5.5}% 64
\BOOKMARK [2][-]{subsection.5.5.2}{实验结果分析}{section.5.5}% 65
\BOOKMARK [1][-]{section.5.6}{结论}{chapter.5}% 66
\BOOKMARK [0][-]{chapter.6}{结束语}{}% 67
\BOOKMARK [1][-]{section.6.1}{工作总结}{chapter.6}% 68
\BOOKMARK [1][-]{section.6.2}{研究展望}{chapter.6}% 69
\BOOKMARK [0][-]{chapter*.26}{致谢}{}% 70
\BOOKMARK [0][-]{section*.27}{参考文献}{}% 71
\BOOKMARK [0][-]{chapter*.29}{作者在学期间取得的学术成果}{}% 72
