\BOOKMARK [0][-]{section*.4}{摘 要}{}% 1
\BOOKMARK [0][-]{section*.5}{ABSTRACT}{}% 2
\BOOKMARK [0][-]{chapter.1}{绪论}{}% 3
\BOOKMARK [1][-]{section.1.1}{可满足问题}{chapter.1}% 4
\BOOKMARK [2][-]{subsection.1.1.1}{可满足问题以及相关概念}{section.1.1}% 5
\BOOKMARK [2][-]{subsection.1.1.2}{可满足问题求解}{section.1.1}% 6
\BOOKMARK [2][-]{subsection.1.1.3}{可满足赋值遍历}{section.1.1}% 7
\BOOKMARK [2][-]{subsection.1.1.4}{Craig插值的原理和实现}{section.1.1}% 8
\BOOKMARK [1][-]{section.1.2}{面向软硬件设计验证的可满足问题求解}{chapter.1}% 9
\BOOKMARK [1][-]{section.1.3}{开放环境下数据隐私的安全威胁}{chapter.1}% 10
\BOOKMARK [1][-]{section.1.4}{开放计算环境下可满足问题求解的隐私保护问题}{chapter.1}% 11
\BOOKMARK [2][-]{subsection.1.4.1}{CNF公式中的结构信息}{section.1.4}% 12
\BOOKMARK [2][-]{subsection.1.4.2}{SAT问题隐私保护的对象}{section.1.4}% 13
\BOOKMARK [1][-]{section.1.5}{本文的主要工作}{chapter.1}% 14
\BOOKMARK [2][-]{subsection.1.5.1}{已有工作的局限}{section.1.5}% 15
\BOOKMARK [2][-]{subsection.1.5.2}{研究内容与创新点}{section.1.5}% 16
\BOOKMARK [1][-]{section.1.6}{论文组织结构}{chapter.1}% 17
\BOOKMARK [0][-]{chapter.2}{相关研究}{}% 18
\BOOKMARK [1][-]{section.2.1}{外包计算的隐私保护研究}{chapter.2}% 19
\BOOKMARK [2][-]{subsection.2.1.1}{基于同态加密的方法}{section.2.1}% 20
\BOOKMARK [2][-]{subsection.2.1.2}{基于数据伪装的方法}{section.2.1}% 21
\BOOKMARK [1][-]{section.2.2}{计算完整性验证研究}{chapter.2}% 22
\BOOKMARK [1][-]{section.2.3}{混淆技术研究}{chapter.2}% 23
\BOOKMARK [2][-]{subsection.2.3.1}{混淆理论研究}{section.2.3}% 24
\BOOKMARK [2][-]{subsection.2.3.2}{程序混淆}{section.2.3}% 25
\BOOKMARK [2][-]{subsection.2.3.3}{电路混淆}{section.2.3}% 26
\BOOKMARK [1][-]{section.2.4}{本章小结}{chapter.2}% 27
\BOOKMARK [0][-]{chapter.3}{基于余因子和Craig插值的迭代特征化算法}{}% 28
\BOOKMARK [1][-]{section.3.1}{引言}{chapter.3}% 29
\BOOKMARK [1][-]{section.3.2}{Craig插值的原理和实现}{chapter.3}% 30
\BOOKMARK [2][-]{subsection.3.2.1}{相关背景知识和记法}{section.3.2}% 31
\BOOKMARK [2][-]{subsection.3.2.2}{不可满足证明}{section.3.2}% 32
\BOOKMARK [2][-]{subsection.3.2.3}{Craig插值算法}{section.3.2}% 33
\BOOKMARK [1][-]{section.3.3}{非迭代的特征化算法}{chapter.3}% 34
\BOOKMARK [1][-]{section.3.4}{迭代的特征化算法}{chapter.3}% 35
\BOOKMARK [1][-]{section.3.5}{可选的BDD整理和化简}{chapter.3}% 36
\BOOKMARK [1][-]{section.3.6}{本章小结}{chapter.3}% 37
\BOOKMARK [0][-]{chapter.4}{面向流控机制的对偶综合}{}% 38
\BOOKMARK [1][-]{section.4.1}{ 引言}{chapter.4}% 39
\BOOKMARK [1][-]{section.4.2}{背景知识}{chapter.4}% 40
\BOOKMARK [2][-]{subsection.4.2.1}{有限状态机}{section.4.2}% 41
\BOOKMARK [2][-]{subsection.4.2.2}{基于迁移关系\(函数\)展开的形式化验证算法的一般性原理}{section.4.2}% 42
\BOOKMARK [1][-]{section.4.3}{对偶综合研究现状}{chapter.4}% 43
\BOOKMARK [2][-]{subsection.4.3.1}{早期的充分非完备算法}{section.4.3}% 44
\BOOKMARK [2][-]{subsection.4.3.2}{完备停机算法}{section.4.3}% 45
\BOOKMARK [1][-]{section.4.4}{识别流控变量}{chapter.4}% 46
\BOOKMARK [2][-]{subsection.4.4.1}{识别流控变量}{section.4.4}% 47
\BOOKMARK [2][-]{subsection.4.4.2}{使用增量SAT求解器加速识别算法}{section.4.4}% 48
\BOOKMARK [1][-]{section.4.5}{推导使得数据变量向量被唯一决定的谓词}{chapter.4}% 49
\BOOKMARK [2][-]{subsection.4.5.1}{计算valid\(\)的单调增长的下估计}{section.4.5}% 50
\BOOKMARK [2][-]{subsection.4.5.2}{计算valid\(\)的单调递减上估计}{section.4.5}% 51
\BOOKMARK [2][-]{subsection.4.5.3}{计算valid\(\)的算法}{section.4.5}% 52
\BOOKMARK [2][-]{subsection.4.5.4}{停机和正确性证明}{section.4.5}% 53
\BOOKMARK [1][-]{section.4.6}{压缩迁移关系展开序列的长度}{chapter.4}% 54
\BOOKMARK [2][-]{subsection.4.6.1}{压缩l 和r}{section.4.6}% 55
\BOOKMARK [2][-]{subsection.4.6.2}{另一种可能的算法结构}{section.4.6}% 56
\BOOKMARK [1][-]{section.4.7}{产生解码器函数}{chapter.4}% 57
\BOOKMARK [2][-]{subsection.4.7.1}{产生的解码器函数}{section.4.7}% 58
\BOOKMARK [2][-]{subsection.4.7.2}{产生的解码函数}{section.4.7}% 59
\BOOKMARK [1][-]{section.4.8}{实验结果}{chapter.4}% 60
\BOOKMARK [2][-]{subsection.4.8.1}{测试集}{section.4.8}% 61
\BOOKMARK [2][-]{subsection.4.8.2}{PCI Express 2.0 编码器}{section.4.8}% 62
\BOOKMARK [2][-]{subsection.4.8.3}{10G 以太网编码器XGXS}{section.4.8}% 63
\BOOKMARK [2][-]{subsection.4.8.4}{UltraSPARC T2 以太网编码器}{section.4.8}% 64
\BOOKMARK [2][-]{subsection.4.8.5}{针对不具备流控机制的编码器比较我们的算法和Liu et al.LiuTCAD12算法}{section.4.8}% 65
\BOOKMARK [2][-]{subsection.4.8.6}{比较两种可能性：同时增长p， l 和r 或者单独增长}{section.4.8}% 66
\BOOKMARK [2][-]{subsection.4.8.7}{在压缩和不压缩l 和r的两种算法之间比较运行时间、电路面积和延迟}{section.4.8}% 67
\BOOKMARK [2][-]{subsection.4.8.8}{在我们的算法和手工书写的解码器之间比较电路面积和延迟}{section.4.8}% 68
\BOOKMARK [1][-]{section.4.9}{结论}{chapter.4}% 69
\BOOKMARK [0][-]{chapter.5}{结构感知的CNF混淆算法}{}% 70
\BOOKMARK [1][-]{section.5.1}{引言}{chapter.5}% 71
\BOOKMARK [1][-]{section.5.2}{问题描述}{chapter.5}% 72
\BOOKMARK [1][-]{section.5.3}{基于CNF混淆的SAT求解方法}{chapter.5}% 73
\BOOKMARK [2][-]{subsection.5.3.1}{SAT求解框架}{section.5.3}% 74
\BOOKMARK [2][-]{subsection.5.3.2}{单一Husk公式产生算法}{section.5.3}% 75
\BOOKMARK [2][-]{subsection.5.3.3}{解空间保持的混淆算法}{section.5.3}% 76
\BOOKMARK [2][-]{subsection.5.3.4}{映射和验证算法}{section.5.3}% 77
\BOOKMARK [1][-]{section.5.4}{理论分析和实验评估}{chapter.5}% 78
\BOOKMARK [2][-]{subsection.5.4.1}{理论分析}{section.5.4}% 79
\BOOKMARK [2][-]{subsection.5.4.2}{实验评估}{section.5.4}% 80
\BOOKMARK [1][-]{section.5.5}{本章小结}{chapter.5}% 81
\BOOKMARK [0][-]{chapter.6}{解空间投影等价的混淆算法}{}% 82
\BOOKMARK [1][-]{section.6.1}{引言}{chapter.6}% 83
\BOOKMARK [1][-]{section.6.2}{问题描述}{chapter.6}% 84
\BOOKMARK [2][-]{subsection.6.2.1}{ALLSAT求解}{section.6.2}% 85
\BOOKMARK [2][-]{subsection.6.2.2}{基于ALLSAT求解和分区的攻击}{section.6.2}% 86
\BOOKMARK [1][-]{section.6.3}{解空间投影等价的混淆算法}{chapter.6}% 87
\BOOKMARK [2][-]{subsection.6.3.1}{簇形Husk公式的产生}{section.6.3}% 88
\BOOKMARK [2][-]{subsection.6.3.2}{解空间投影等价的混淆}{section.6.3}% 89
\BOOKMARK [2][-]{subsection.6.3.3}{解恢复和验证算法}{section.6.3}% 90
\BOOKMARK [1][-]{section.6.4}{理论分析和证明}{chapter.6}% 91
\BOOKMARK [2][-]{subsection.6.4.1}{正确性证明}{section.6.4}% 92
\BOOKMARK [1][-]{section.6.5}{本章小结}{chapter.6}% 93
\BOOKMARK [0][-]{chapter.7}{解空间上估计的混淆算法}{}% 94
\BOOKMARK [1][-]{section.7.1}{引言}{chapter.7}% 95
\BOOKMARK [1][-]{section.7.2}{问题描述}{chapter.7}% 96
\BOOKMARK [2][-]{subsection.7.2.1}{系统假设}{section.7.2}% 97
\BOOKMARK [1][-]{section.7.3}{系统设计}{chapter.7}% 98
\BOOKMARK [2][-]{subsection.7.3.1}{基于混淆的SAT求解框架}{section.7.3}% 99
\BOOKMARK [2][-]{subsection.7.3.2}{Husks公式的产生}{section.7.3}% 100
\BOOKMARK [2][-]{subsection.7.3.3}{解空间上估计的混淆}{section.7.3}% 101
\BOOKMARK [2][-]{subsection.7.3.4}{真实解的恢复}{section.7.3}% 102
\BOOKMARK [1][-]{section.7.4}{理论分析}{chapter.7}% 103
\BOOKMARK [2][-]{subsection.7.4.1}{正确性证明}{section.7.4}% 104
\BOOKMARK [2][-]{subsection.7.4.2}{有效性分析}{section.7.4}% 105
\BOOKMARK [2][-]{subsection.7.4.3}{算法复杂性分析}{section.7.4}% 106
\BOOKMARK [1][-]{section.7.5}{实验评估}{chapter.7}% 107
\BOOKMARK [2][-]{subsection.7.5.1}{实验设计}{section.7.5}% 108
\BOOKMARK [2][-]{subsection.7.5.2}{实验结果分析}{section.7.5}% 109
\BOOKMARK [1][-]{section.7.6}{结论}{chapter.7}% 110
\BOOKMARK [0][-]{chapter.8}{结束语}{}% 111
\BOOKMARK [1][-]{section.8.1}{工作总结}{chapter.8}% 112
\BOOKMARK [1][-]{section.8.2}{研究展望}{chapter.8}% 113
\BOOKMARK [0][-]{chapter*.46}{致谢}{}% 114
\BOOKMARK [0][-]{section*.47}{参考文献}{}% 115
\BOOKMARK [0][-]{chapter*.49}{作者在学期间取得的学术成果}{}% 116
