This is pdfTeX, Version 3.1415926-1.40.10 (TeX Live 2009/Debian) (format=latex 2013.11.27)  28 JAN 2014 12:42
entering extended mode
 %&-line parsing enabled.
**sigproc-sp.tex
(./sigproc-sp.tex
LaTeX2e <2009/09/24>
Babel <v3.8l> and hyphenation patterns for english, usenglishmax, dumylang, noh
yphenation, loaded.
(./acm_proc_article-sp.cls
(/usr/share/texmf-texlive/tex/latex/graphics/epsfig.sty
Package: epsfig 1999/02/16 v1.7a (e)psfig emulation (SPQR)

(/usr/share/texmf-texlive/tex/latex/graphics/graphicx.sty
Package: graphicx 1999/02/16 v1.0f Enhanced LaTeX Graphics (DPC,SPQR)

(/usr/share/texmf-texlive/tex/latex/graphics/keyval.sty
Package: keyval 1999/03/16 v1.13 key=value parser (DPC)
\KV@toks@=\toks14
)
(/usr/share/texmf-texlive/tex/latex/graphics/graphics.sty
Package: graphics 2009/02/05 v1.0o Standard LaTeX Graphics (DPC,SPQR)

(/usr/share/texmf-texlive/tex/latex/graphics/trig.sty
Package: trig 1999/03/16 v1.09 sin cos tan (DPC)
)
(/etc/texmf/tex/latex/config/graphics.cfg
File: graphics.cfg 2009/08/28 v1.8 graphics configuration of TeX Live
)
Package graphics Info: Driver file: dvips.def on input line 91.

(/usr/share/texmf-texlive/tex/latex/graphics/dvips.def
File: dvips.def 1999/02/16 v3.0i Driver-dependant file (DPC,SPQR)
))
\Gin@req@height=\dimen102
\Gin@req@width=\dimen103
)
\epsfxsize=\dimen104
\epsfysize=\dimen105
)
(/usr/share/texmf-texlive/tex/latex/amsfonts/amssymb.sty
Package: amssymb 2009/06/22 v3.00

(/usr/share/texmf-texlive/tex/latex/amsfonts/amsfonts.sty
Package: amsfonts 2009/06/22 v3.00 Basic AMSFonts support
\@emptytoks=\toks15
\symAMSa=\mathgroup4
\symAMSb=\mathgroup5
LaTeX Font Info:    Overwriting math alphabet `\mathfrak' in version `bold'
(Font)                  U/euf/m/n --> U/euf/b/n on input line 96.
))
(/usr/share/texmf-texlive/tex/latex/amsmath/amsmath.sty
Package: amsmath 2000/07/18 v2.13 AMS math features
\@mathmargin=\skip41

For additional information on amsmath, use the `?' option.
(/usr/share/texmf-texlive/tex/latex/amsmath/amstext.sty
Package: amstext 2000/06/29 v2.01

(/usr/share/texmf-texlive/tex/latex/amsmath/amsgen.sty
File: amsgen.sty 1999/11/30 v2.0
\@emptytoks=\toks16
\ex@=\dimen106
))
(/usr/share/texmf-texlive/tex/latex/amsmath/amsbsy.sty
Package: amsbsy 1999/11/29 v1.2d
\pmbraise@=\dimen107
)
(/usr/share/texmf-texlive/tex/latex/amsmath/amsopn.sty
Package: amsopn 1999/12/14 v2.01 operator names
)
\inf@bad=\count79
LaTeX Info: Redefining \frac on input line 211.
\uproot@=\count80
\leftroot@=\count81
LaTeX Info: Redefining \overline on input line 307.
\classnum@=\count82
\DOTSCASE@=\count83
LaTeX Info: Redefining \ldots on input line 379.
LaTeX Info: Redefining \dots on input line 382.
LaTeX Info: Redefining \cdots on input line 467.
\Mathstrutbox@=\box26
\strutbox@=\box27
\big@size=\dimen108
LaTeX Font Info:    Redeclaring font encoding OML on input line 567.
LaTeX Font Info:    Redeclaring font encoding OMS on input line 568.
\macc@depth=\count84
\c@MaxMatrixCols=\count85
\dotsspace@=\muskip10
\c@parentequation=\count86
\dspbrk@lvl=\count87
\tag@help=\toks17
\row@=\count88
\column@=\count89
\maxfields@=\count90
\andhelp@=\toks18
\eqnshift@=\dimen109
\alignsep@=\dimen110
\tagshift@=\dimen111
\tagwidth@=\dimen112
\totwidth@=\dimen113
\lineht@=\dimen114
\@envbody=\toks19
\multlinegap=\skip42
\multlinetaggap=\skip43
\mathdisplay@stack=\toks20
LaTeX Info: Redefining \[ on input line 2666.
LaTeX Info: Redefining \] on input line 2667.
)
Document Class 'acm_proc_article-sp' <22nd. April '09>. Modified by G.K.M. Tobi
n
Based in part upon document Style `acmconf' <22 May 89>. Hacked 4/91 by
shivers@cs.cmu.edu, 4/93 by theobald@cs.mcgill.ca
Excerpts were taken from (Journal Style) 'esub2acm.cls'.
****** Bugs/comments/suggestions to Gerry Murray -- murray@hq.acm.org ******
\footheight=\dimen115
\@maxsep=\dimen116
\@dblmaxsep=\dimen117
\aucount=\count91
\originalaucount=\count92
\auwidth=\dimen118
\auskip=\dimen119
\auskipcount=\count93
\auskip=\dimen120
\allauboxes=\dimen121
\addauthors=\toks21
\addauflag=\count94
\subtitletext=\toks22
\savesection=\count95
\sectioncntr=\count96
\c@figure=\count97
\c@table=\count98
\titleboxnotes=\toks23
\titleboxnoteflag=\count99
Document Class: acm_proc_article-sp 2009/04/22 - V3.2SP - based on esub2acm.sty
 <23 April 96>
(/usr/share/texmf-texlive/tex/latex/base/latexsym.sty
Package: latexsym 1998/08/17 v2.2e Standard LaTeX package (lasy symbols)
\symlasy=\mathgroup6
LaTeX Font Info:    Overwriting symbol font `lasy' in version `bold'
(Font)                  U/lasy/m/n --> U/lasy/b/n on input line 47.
)
\@acmtitlebox=\box28
\titlenotecount=\count100
\tntoks=\toks24
\tntokstwo=\toks25
\tntoksthree=\toks26
\tntoksfour=\toks27
\tntoksfive=\toks28
\catcount=\count101
\copyrightnotice=\toks29
\conf=\toks30
\confinfo=\toks31
\c@part=\count102
\c@section=\count103
\c@subsection=\count104
\c@subsubsection=\count105
\c@paragraph=\count106

Using 'Abbrev' bibliography style
LaTeX Info: Redefining \cite on input line 1236.
\bibindent=\dimen122
\colcntr=\count107
\saveb@x=\box29
\copyrtyr=\toks32
\acmcopyr=\toks33
\boilerplate=\toks34
\copyrightetc=\toks35
(/usr/share/texmf-texlive/tex/latex/base/fontenc.sty
Package: fontenc 2005/09/27 v1.99g Standard LaTeX package

(/usr/share/texmf-texlive/tex/latex/base/t1enc.def
File: t1enc.def 2005/09/27 v1.99g Standard LaTeX file
LaTeX Font Info:    Redeclaring font encoding T1 on input line 43.
)
LaTeX Font Info:    Try loading font information for T1+aer on input line 100.

(/usr/share/texmf-texlive/tex/latex/ae/t1aer.fd
File: t1aer.fd 1997/11/16 Font definitions for T1/aer.
))) (./algorithm.sty
Package: algorithm 

Document Style `algorithm' - floating environment
(/usr/share/texmf-texlive/tex/latex/float/float.sty
Package: float 2001/11/08 v1.3d Float enhancements (AL)
\c@float@type=\count108
\float@exts=\toks36
\float@box=\box30
\@float@everytoks=\toks37
\@floatcapt=\box31
)
(/usr/share/texmf-texlive/tex/latex/base/ifthen.sty
Package: ifthen 2001/05/26 v1.1c Standard LaTeX ifthen package (DPC)
)
\@float@every@algorithm=\toks38
\c@algorithm=\count109
) (./algorithmic.sty
Package: algorithmic 2005/07/05

Document Style `algorithmic' - environment
(/usr/share/texmf-texlive/tex/latex/tools/calc.sty
Package: calc 2007/08/22 v4.3 Infix arithmetic (KKT,FJ)
\calc@Acount=\count110
\calc@Bcount=\count111
\calc@Adimen=\dimen123
\calc@Bdimen=\dimen124
\calc@Askip=\skip44
\calc@Bskip=\skip45
LaTeX Info: Redefining \setlength on input line 76.
LaTeX Info: Redefining \addtolength on input line 77.
\calc@Ccount=\count112
\calc@Cskip=\skip46
)
\c@ALC@line=\count113
\c@ALC@rem=\count114
\c@ALC@depth=\count115
\ALC@tlm=\skip47
\algorithmicindent=\skip48
)
(/usr/share/texmf-texlive/tex/latex/ltxmisc/url.sty
\Urlmuskip=\muskip11
Package: url 2006/04/12  ver 3.3  Verb mode for urls, etc.
) (./sigproc-sp.aux)
\openout1 = `sigproc-sp.aux'.

LaTeX Font Info:    Checking defaults for OML/cmm/m/it on input line 34.
LaTeX Font Info:    ... okay on input line 34.
LaTeX Font Info:    Checking defaults for T1/cmr/m/n on input line 34.
LaTeX Font Info:    ... okay on input line 34.
LaTeX Font Info:    Checking defaults for OT1/cmr/m/n on input line 34.
LaTeX Font Info:    ... okay on input line 34.
LaTeX Font Info:    Checking defaults for OMS/cmsy/m/n on input line 34.
LaTeX Font Info:    ... okay on input line 34.
LaTeX Font Info:    Checking defaults for OMX/cmex/m/n on input line 34.
LaTeX Font Info:    ... okay on input line 34.
LaTeX Font Info:    Checking defaults for U/cmr/m/n on input line 34.
LaTeX Font Info:    ... okay on input line 34.
LaTeX Font Info:    Try loading font information for U+msa on input line 140.

(/usr/share/texmf-texlive/tex/latex/amsfonts/umsa.fd
File: umsa.fd 2009/06/22 v3.00 AMS symbols A
)
LaTeX Font Info:    Try loading font information for U+msb on input line 140.

(/usr/share/texmf-texlive/tex/latex/amsfonts/umsb.fd
File: umsb.fd 2009/06/22 v3.00 AMS symbols B
)
LaTeX Font Info:    Try loading font information for U+lasy on input line 140.

(/usr/share/texmf-texlive/tex/latex/base/ulasy.fd
File: ulasy.fd 1998/08/17 v2.2e LaTeX symbol font definitions
)
Overfull \hbox (8.33296pt too wide) in paragraph at lines 165--167
\T1/aer/m/n/9 B.5.2 [\T1/aer/bx/n/9 REGISTER-TRANSFER-LEVEL IM-PLE-MEN-
 []


Overfull \hbox (5.71272pt too wide) in paragraph at lines 165--167
\T1/aer/bx/n/9 PUT/OUTPUT AND DATA COM-MU-NI-CA-TIONS\T1/aer/m/n/9 ]:
 []

\c@algo=\count116
\c@lemma=\count117
\c@theorem=\count118
\c@definition11=\count119

Overfull \hbox (1.87779pt too wide) in paragraph at lines 195--205
\T1/aer/m/n/9 non-working modes, such as the test-ing and sleep mode,
 []


Overfull \hbox (1.2943pt too wide) in paragraph at lines 195--205
\T1/aer/m/n/9 in-put let-ter can't be de-ter-mined by its out-put se-quence,
 []

[1


]

LaTeX Font Warning: Font shape `T1/aer/bx/sc' undefined
(Font)              using `T1/aer/bx/n' instead on input line 285.


Overfull \hbox (19.58977pt too wide) in paragraph at lines 286--292
[]\T1/aer/m/it/9 Given
 []

File: mealy.eps Graphic file (type eps)
<mealy.eps>
Overfull \hbox (4.17445pt too wide) in paragraph at lines 365--368
\T1/aer/m/n/9 The com-ple-men-tary syn-the-sis al-go-rithm[1] in-cludes two ste
ps:
 []

File: t1.eps Graphic file (type eps)
<t1.eps> [2]
File: doubleloop.eps Graphic file (type eps)
 <doubleloop.eps>
Overfull \hbox (7.75848pt too wide) in paragraph at lines 463--463
[]\secfnt A HALT-ING AL-GO-RITHM TO IN-FER AS-
 []

File: doubleloop_unfold.eps Graphic file (type eps)
<doubleloop_unfold.eps>
Overfull \hbox (7.67621pt too wide) in paragraph at lines 516--520
[]\T1/aer/bx/n/9 Product ma-chine: \T1/aer/m/n/9 For Mealy ma-chine $\OML/cmm/m
/it/9 M \OT1/cmr/m/n/9 =
 []


Overfull \hbox (2.51668pt too wide) in paragraph at lines 516--520
\OT1/cmr/m/n/9 (\OML/cmm/m/it/9 S; s[]; I; C; O; T\OT1/cmr/m/n/9 )$\T1/aer/m/n/
9 , its prod-uct ma-chine is $\OML/cmm/m/it/9 M[] \OT1/cmr/m/n/9 = (\OML/cmm/m/
it/9 S[]; s[]; I[]; C[]$
 []


Overfull \hbox (6.29146pt too wide) in paragraph at lines 516--520
\OML/cmm/m/it/9 ; O[]; T[]\OT1/cmr/m/n/9 )$\T1/aer/m/n/9 , where $\OML/cmm/m/it
/9 T[]$ \T1/aer/m/n/9 is de-fined as $\OT1/cmr/m/n/9 (\OML/cmm/m/it/9 < s[]; s[
] >; < o[]; o[] >
 []


Overfull \hbox (13.76918pt too wide) in paragraph at lines 516--520
\OT1/cmr/m/n/9 ) = \OML/cmm/m/it/9 T[]\OT1/cmr/m/n/9 (\OML/cmm/m/it/9 < s[]; s[
] >; < i[]; i[] >; < c[]; c[] >\OT1/cmr/m/n/9 )$ \T1/aer/m/n/9 with $\OT1/cmr/m
/n/9 (\OML/cmm/m/it/9 s[]; o[]\OT1/cmr/m/n/9 ) =
 []

[3]
Overfull \hbox (4.876pt too wide) in paragraph at lines 527--534
\OT1/cmr/m/n/9 (\OML/cmm/m/it/9 S; s[]; I; C; O; T\OT1/cmr/m/n/9 )$\T1/aer/m/n/
9 , as-sume its prod-uct ma-chine is $\OML/cmm/m/it/9 M[] \OT1/cmr/m/n/9 = (\OM
L/cmm/m/it/9 S[]; s[]$
 []


Overfull \hbox (5.66914pt too wide) in paragraph at lines 601--606
\T1/aer/m/n/9 and $\OML/cmm/m/it/9 Right[]$ \T1/aer/m/n/9 re-sulted from this u
n-fold-ing are \T1/aer/bx/n/9 not shorter
 []

File: doubleloop_unfold_cmp.eps Graphic file (type eps)
<doubleloop_unfold_cmp.eps>
Overfull \hbox (37.08266pt too wide) in paragraph at lines 659--661
\T1/aer/m/n/9 the cor-re-spon-dence be-tween $\OML/cmm/m/it/9 F[]\OT1/cmr/m/n/9
 (\OML/cmm/m/it/9 p; d; l; R\OT1/cmr/m/n/9 )$ \T1/aer/m/n/9 and the $\OML/cmm/m
/it/9 F[]\OT1/cmr/m/n/9 (\OML/cmm/m/it/9 p\OT1/cmr/m/n/9 "\OML/cmm/m/it/9 ; d\O
T1/cmr/m/n/9 "\OML/cmm/m/it/9 ; l\OT1/cmr/m/n/9 "\OML/cmm/m/it/9 ; R\OT1/cmr/m/
n/9 )$\T1/aer/m/n/9 . 
 []

[4]
Overfull \hbox (14.6542pt too wide) in paragraph at lines 675--678
[]\T1/aer/m/n/9 At the same time, there are $\OML/cmm/m/it/9 q$ \T1/aer/m/n/9 l
oops in $\OML/cmm/m/it/9 Prefix[]$\T1/aer/m/n/9 , $\OML/cmm/m/it/9 Left[]$
 []


Overfull \hbox (9.83888pt too wide) in paragraph at lines 679--681
\T1/aer/m/n/9 make $\OML/cmm/m/it/9 F[]\OT1/cmr/m/n/9 (\OML/cmm/m/it/9 p\OT1/cm
r/m/n/9 "\OML/cmm/m/it/9 ; d\OT1/cmr/m/n/9 "\OML/cmm/m/it/9 ; l\OT1/cmr/m/n/9 "
\OML/cmm/m/it/9 ; R\OT1/cmr/m/n/9 )$ \T1/aer/m/n/9 sat-is-fied. This con-cludes
 the proof.[] 
 []


Overfull \hbox (8.08305pt too wide) in paragraph at lines 684--687
[]\T1/aer/m/it/9 For two tu-ples $\OML/cmm/m/it/9 < p; d; l >$ \T1/aer/m/it/9 a
nd $\OML/cmm/m/it/9 < p[]; d[]; l[] >$\T1/aer/m/it/9 ,
 []


Overfull \hbox (17.21898pt too wide) in paragraph at lines 689--693
\T1/aer/m/n/9 plies the un-sat-is-fi-a-bil-ity of the lat-ter. Thus, $\OML/cmm/
m/it/9 E \U/msa/m/n/9 ^^O \OML/cmm/m/it/9 PC\OT1/cmr/m/n/9 (\OML/cmm/m/it/9 p; 
d; l; R\OT1/cmr/m/n/9 ) \OMS/cmsy/m/n/9 !
 []


Overfull \hbox (3.03723pt too wide) in paragraph at lines 701--705
\T1/aer/m/n/9 ex-ist $\OML/cmm/m/it/9 < p; d; l >$ \T1/aer/m/n/9 and $\OML/cmm/
m/it/9 < p[]; d[]; l[] >$\T1/aer/m/n/9 , such that $\OML/cmm/m/it/9 E \U/msa/m/
n/9 ^^O \OML/cmm/m/it/9 PC\OT1/cmr/m/n/9 (\OML/cmm/m/it/9 p; d; l; R\OT1/cmr/m/
n/9 )$
 []


Overfull \hbox (14.62944pt too wide) in paragraph at lines 721--725
[]\T1/aer/m/n/9 On the other hand, ac-cord-ing to Lemma 2[], $\OML/cmm/m/it/9 E
 \U/msa/m/n/9 ^^O \OML/cmm/m/it/9 PC\OT1/cmr/m/n/9 (\OML/cmm/m/it/9 p\OT1/cmr/m
/n/9 "\OML/cmm/m/it/9 ; d\OT1/cmr/m/n/9 "\OML/cmm/m/it/9 ; l\OT1/cmr/m/n/9 "\OM
L/cmm/m/it/9 ; R\OT1/cmr/m/n/9 )$
 []


Overfull \hbox (2.21643pt too wide) in paragraph at lines 789--795
\T1/aer/m/n/9 coder. They are all in-ferred by the pro-ce-dure $\OML/cmm/m/it/9
 InferCovering$
 []

[5]
Overfull \hbox (2.0756pt too wide) in paragraph at lines 941--941
[]\secfnt Characterizing $\OML/cmm/m/it/9 f\OT1/cmr/m/n/9 "$ \secfnt with Craig
 in-ter-po-la-tion 
 []

[6]
LaTeX Font Info:    Try loading font information for T1+aett on input line 996.

 (/usr/share/texmf-texlive/tex/latex/ae/t1aett.fd
File: t1aett.fd 1997/11/16 Font definitions for T1/aett.
)
Overfull \hbox (5.46265pt too wide) in paragraph at lines 1020--1031
 [][][] 
 []


Overfull \hbox (16.57764pt too wide) in paragraph at lines 1057--1067
 [][][] 
 []


Overfull \hbox (10.48283pt too wide) in paragraph at lines 1102--1104
\T1/aer/m/n/9 ter_study_pci[0] & !jit-ter_study_pci[1] & !txd_sel[0] & !txd_sel
[1]
 []


Overfull \hbox (11.50017pt too wide) in paragraph at lines 1102--1104
\T1/aer/m/n/9 & !re-set_tx & link_up_loc ) ) & !( ( re-set_tx & !jit-ter_study_
pci[0]
 []


Overfull \hbox (1.16817pt too wide) in paragraph at lines 1102--1104
\T1/aer/m/n/9 & !txd_sel[0] & !txd_sel[1] & link_up_loc & !jit-ter_study_pci[1]

 []

[7]
Overfull \hbox (3.89807pt too wide) in paragraph at lines 1121--1121
[]\secfnt Complementary syn-the-sis and pro-gram in-
 []

[8] (./sigproc-sp.aux)

LaTeX Font Warning: Some font shapes were not available, defaults substituted.

 ) 
Here is how much of TeX's memory you used:
 2325 strings out of 495062
 26087 string characters out of 1182643
 90526 words of memory out of 3000000
 5464 multiletter control sequences out of 15000+50000
 43914 words of font info for 55 fonts, out of 3000000 for 9000
 28 hyphenation exceptions out of 8191
 39i,21n,26p,870b,565s stack positions out of 5000i,500n,10000p,200000b,50000s

Output written on sigproc-sp.dvi (8 pages, 69696 bytes).
