This is pdfTeX, Version 3.1415926-1.40.9 (MiKTeX 2.7) (preloaded format=latex 2010.5.7)  5 MAY 2011 16:08
entering extended mode
**Z:/dualsyn_paper/tcad11/zf/zf.tex
(Z:/dualsyn_paper/tcad11/zf/zf.tex
LaTeX2e <2005/12/01>
Babel <v3.8l> and hyphenation patterns for english, dumylang, nohyphenation, ge
rman, ngerman, german-x-2009-06-19, ngerman-x-2009-06-19, french, loaded.
(SCACF.cls

LaTeX Warning: You have requested document class `SCACF',
               but the document class provides `SCAC'.

Document Class: SCAC 2008/11/15 v1, by Liu Yun
(C:\CTEX\CTeX\tex\latex\cct\cctart.cls
Document Class: cctart 2004/10/14 Derived from the `article' class
(C:\CTEX\MiKTeX\tex\latex\base\article.cls
Document Class: article 2005/09/16 v1.4f Standard LaTeX document class
(C:\CTEX\MiKTeX\tex\latex\base\size10.clo
File: size10.clo 2005/09/16 v1.4f Standard LaTeX file (size option)
)
\c@part=\count79
\c@section=\count80
\c@subsection=\count81
\c@subsubsection=\count82
\c@paragraph=\count83
\c@subparagraph=\count84
\c@figure=\count85
\c@table=\count86
\abovecaptionskip=\skip41
\belowcaptionskip=\skip42
\bibindent=\dimen102
)
(C:\CTEX\CTeX\tex\latex\cct\cctbase.sty
Package: cctbase 2006/05/17
 (C:\CTEX\CTeX\tex\latex\cct\CCT.sty
0.61803 [2008/08/31] (C:\CTEX\CTeX\tex\latex\cct\cchead.sty
\!ZihaoNo=\count87
\ccwd=\dimen103
\ccht=\dimen104
\ccdp=\dimen105
\!ccbox=\box26
\!ccbdskip=\skip43
)
Package: CCT 2008/08/31 0.61803
\@CCTcnta=\count88
\@CCTcntb=\count89
\@CCTlastkern=\count90
\@CCTglue=\skip44
\@CCTtoks=\toks14

(C:\CTEX\CTeX\tex\latex\cct\CCT.cfg) (C:\CTEX\CTeX\tex\latex\cct\GBKkern.cfg)
(C:\CTEX\CTeX\tex\latex\CJK\GB\c19song.fd) (\ziti{A}->gbksong)
\@CCTskip=\skip45
)))
(C:\CTEX\MiKTeX\tex\latex\ams\math\amsmath.sty
Package: amsmath 2000/07/18 v2.13 AMS math features
\@mathmargin=\skip46

For additional information on amsmath, use the `?' option.
(C:\CTEX\MiKTeX\tex\latex\ams\math\amstext.sty
Package: amstext 2000/06/29 v2.01

(C:\CTEX\MiKTeX\tex\latex\ams\math\amsgen.sty
File: amsgen.sty 1999/11/30 v2.0
\@emptytoks=\toks15
\ex@=\dimen106
))
(C:\CTEX\MiKTeX\tex\latex\ams\math\amsbsy.sty
Package: amsbsy 1999/11/29 v1.2d
\pmbraise@=\dimen107
)
(C:\CTEX\MiKTeX\tex\latex\ams\math\amsopn.sty
Package: amsopn 1999/12/14 v2.01 operator names
)
\inf@bad=\count91
LaTeX Info: Redefining \frac on input line 211.
\uproot@=\count92
\leftroot@=\count93
LaTeX Info: Redefining \overline on input line 307.
\classnum@=\count94
\DOTSCASE@=\count95
LaTeX Info: Redefining \ldots on input line 379.
LaTeX Info: Redefining \dots on input line 382.
LaTeX Info: Redefining \cdots on input line 467.
\Mathstrutbox@=\box27
\strutbox@=\box28
\big@size=\dimen108
LaTeX Font Info:    Redeclaring font encoding OML on input line 567.
LaTeX Font Info:    Redeclaring font encoding OMS on input line 568.
\macc@depth=\count96
\c@MaxMatrixCols=\count97
\dotsspace@=\muskip10
\c@parentequation=\count98
\dspbrk@lvl=\count99
\tag@help=\toks16
\row@=\count100
\column@=\count101
\maxfields@=\count102
\andhelp@=\toks17
\eqnshift@=\dimen109
\alignsep@=\dimen110
\tagshift@=\dimen111
\tagwidth@=\dimen112
\totwidth@=\dimen113
\lineht@=\dimen114
\@envbody=\toks18
\multlinegap=\skip47
\multlinetaggap=\skip48
\mathdisplay@stack=\toks19
LaTeX Info: Redefining \[ on input line 2666.
LaTeX Info: Redefining \] on input line 2667.
)
(C:\CTEX\MiKTeX\tex\latex\ams\classes\amsthm.sty
Package: amsthm 2004/08/06 v2.20
\thm@style=\toks20
\thm@bodyfont=\toks21
\thm@headfont=\toks22
\thm@notefont=\toks23
\thm@headpunct=\toks24
\thm@preskip=\skip49
\thm@postskip=\skip50
\thm@headsep=\skip51
\dth@everypar=\toks25
)
(C:\CTEX\MiKTeX\tex\latex\amsfonts\amsfonts.sty
Package: amsfonts 2009/06/22 v3.00 Basic AMSFonts support
\symAMSa=\mathgroup4
\symAMSb=\mathgroup5
LaTeX Font Info:    Overwriting math alphabet `\mathfrak' in version `bold'
(Font)                  U/euf/m/n --> U/euf/b/n on input line 96.
)
(C:\CTEX\CTeX\tex\latex\cct\cct.sty 0.61803 [2008/08/31]

LaTeX Warning: You have requested package `cct',
               but the package provides `CCT'.

Package: CCT 2008/08/31 0.61803
LaTeX Info: Redefining \zihaoAny on input line 779.
(C:\CTEX\CTeX\tex\latex\cct\CCT.cfg) (C:\CTEX\CTeX\tex\latex\cct\GBKkern.cfg)
(\ziti{A}->gbksong)
LaTeX Info: Redefining \CCTchar on input line 1212.
) (C:\CTEX\MiKTeX\tex\latex\amsfonts\amssymb.sty
Package: amssymb 2009/06/22 v3.00
)
(C:\CTEX\MiKTeX\tex\latex\tools\bm.sty
Package: bm 2004/02/26 v1.1c Bold Symbol Support (DPC/FMi)
\symboldoperators=\mathgroup6
\symboldletters=\mathgroup7
\symboldsymbols=\mathgroup8
LaTeX Font Info:    Redeclaring math alphabet \mathbf on input line 137.
LaTeX Info: Redefining \bm on input line 203.
)
(C:\CTEX\MiKTeX\tex\latex\fancyhdr\fancyhdr.sty
\fancy@headwidth=\skip52
\f@ncyO@elh=\skip53
\f@ncyO@erh=\skip54
\f@ncyO@olh=\skip55
\f@ncyO@orh=\skip56
\f@ncyO@elf=\skip57
\f@ncyO@erf=\skip58
\f@ncyO@olf=\skip59
\f@ncyO@orf=\skip60
)
(C:\CTEX\MiKTeX\tex\latex\graphics\color.sty
Package: color 2005/11/14 v1.0j Standard LaTeX Color (DPC)

(C:\CTEX\MiKTeX\tex\latex\00miktex\color.cfg
File: color.cfg 2007/01/18 v1.5 color configuration of teTeX/TeXLive
)
Package color Info: Driver file: dvips.def on input line 130.

(C:\CTEX\MiKTeX\tex\latex\graphics\dvips.def
File: dvips.def 1999/02/16 v3.0i Driver-dependant file (DPC,SPQR)
)
(C:\CTEX\MiKTeX\tex\latex\graphics\dvipsnam.def
File: dvipsnam.def 1999/02/16 v3.0i Driver-dependant file (DPC,SPQR)
))
(C:\CTEX\MiKTeX\tex\latex\tools\multicol.sty
Package: multicol 2006/05/18 v1.6g multicolumn formatting (FMi)
\c@tracingmulticols=\count103
\mult@box=\box29
\multicol@leftmargin=\dimen115
\c@unbalance=\count104
\c@collectmore=\count105
\doublecol@number=\count106
\multicoltolerance=\count107
\multicolpretolerance=\count108
\full@width=\dimen116
\page@free=\dimen117
\premulticols=\dimen118
\postmulticols=\dimen119
\multicolsep=\skip61
\multicolbaselineskip=\skip62
\partial@page=\box30
\last@line=\box31
\mult@rightbox=\box32
\mult@grightbox=\box33
\mult@gfirstbox=\box34
\mult@firstbox=\box35
\@tempa=\box36
\@tempa=\box37
\@tempa=\box38
\@tempa=\box39
\@tempa=\box40
\@tempa=\box41
\@tempa=\box42
\@tempa=\box43
\@tempa=\box44
\@tempa=\box45
\@tempa=\box46
\@tempa=\box47
\@tempa=\box48
\@tempa=\box49
\@tempa=\box50
\@tempa=\box51
\@tempa=\box52
\c@columnbadness=\count109
\c@finalcolumnbadness=\count110
\last@try=\dimen120
\multicolovershoot=\dimen121
\multicolundershoot=\dimen122
\mult@nat@firstbox=\box53
\colbreak@box=\box54
)
(C:\CTEX\MiKTeX\tex\latex\jknappen\mathrsfs.sty
Package: mathrsfs 1996/01/01 Math RSFS package v1.0 (jk)
\symrsfs=\mathgroup9
)
(C:\CTEX\MiKTeX\tex\latex\tools\array.sty
Package: array 2005/08/23 v2.4b Tabular extension package (FMi)
\col@sep=\dimen123
\extrarowheight=\dimen124
\NC@list=\toks26
\extratabsurround=\skip63
\backup@length=\skip64
)
(C:\CTEX\MiKTeX\tex\latex\psnfss\pifont.sty
Package: pifont 2005/04/12 PSNFSS-v9.2a Pi font support (SPQR) 
LaTeX Font Info:    Try loading font information for U+pzd on input line 63.

(C:\CTEX\MiKTeX\tex\latex\psnfss\upzd.fd
File: upzd.fd 2001/06/04 font definitions for U/pzd.
)
LaTeX Font Info:    Try loading font information for U+psy on input line 64.

(C:\CTEX\MiKTeX\tex\latex\psnfss\upsy.fd
File: upsy.fd 2001/06/04 font definitions for U/psy.
))
(C:\CTEX\MiKTeX\tex\latex\ams\math\amscd.sty
Package: amscd 1999/11/29 v2.0
\athelp@=\toks27
\minaw@=\dimen125
\bigaw@=\dimen126
\minCDarrowwidth=\dimen127
)
(C:\CTEX\MiKTeX\tex\latex\base\latexsym.sty
Package: latexsym 1998/08/17 v2.2e Standard LaTeX package (lasy symbols)
\symlasy=\mathgroup10
LaTeX Font Info:    Overwriting symbol font `lasy' in version `bold'
(Font)                  U/lasy/m/n --> U/lasy/b/n on input line 47.
)
(C:\CTEX\MiKTeX\tex\latex\was\upgreek.sty
Package: upgreek 2003/02/12 v2.0 (WaS)
Package upgreek Info: Using Euler Roman for upright Greek on input line 31.
\symugrf@m=\mathgroup11
LaTeX Font Info:    Overwriting symbol font `ugrf@m' in version `bold'
(Font)                  U/eur/m/n --> U/eur/b/n on input line 38.
)
(C:\CTEX\MiKTeX\tex\latex\txfonts\txfonts.sty
Package: txfonts 2008/01/22 v3.2.1
LaTeX Font Info:    Redeclaring symbol font `operators' on input line 21.
LaTeX Font Info:    Overwriting symbol font `operators' in version `normal'
(Font)                  OT1/cmr/m/n --> OT1/txr/m/n on input line 21.
LaTeX Font Info:    Overwriting symbol font `operators' in version `bold'
(Font)                  OT1/cmr/bx/n --> OT1/txr/m/n on input line 21.
LaTeX Font Info:    Overwriting symbol font `operators' in version `bold'
(Font)                  OT1/txr/m/n --> OT1/txr/bx/n on input line 22.
\symitalic=\mathgroup12
LaTeX Font Info:    Overwriting symbol font `italic' in version `bold'
(Font)                  OT1/txr/m/it --> OT1/txr/bx/it on input line 26.
LaTeX Font Info:    Redeclaring math alphabet \mathbf on input line 29.
LaTeX Font Info:    Redeclaring math alphabet \mathit on input line 30.
LaTeX Font Info:    Overwriting math alphabet `\mathit' in version `normal'
(Font)                  OT1/cmr/m/it --> OT1/txr/m/it on input line 30.
LaTeX Font Info:    Overwriting math alphabet `\mathit' in version `bold'
(Font)                  OT1/cmr/bx/it --> OT1/txr/m/it on input line 30.
LaTeX Font Info:    Overwriting math alphabet `\mathit' in version `bold'
(Font)                  OT1/txr/m/it --> OT1/txr/bx/it on input line 31.
LaTeX Font Info:    Redeclaring math alphabet \mathsf on input line 40.
LaTeX Font Info:    Overwriting math alphabet `\mathsf' in version `normal'
(Font)                  OT1/cmss/m/n --> OT1/txss/m/n on input line 40.
LaTeX Font Info:    Overwriting math alphabet `\mathsf' in version `bold'
(Font)                  OT1/cmss/bx/n --> OT1/txss/m/n on input line 40.
LaTeX Font Info:    Overwriting math alphabet `\mathsf' in version `bold'
(Font)                  OT1/txss/m/n --> OT1/txss/b/n on input line 41.
LaTeX Font Info:    Redeclaring math alphabet \mathtt on input line 50.
LaTeX Font Info:    Overwriting math alphabet `\mathtt' in version `normal'
(Font)                  OT1/cmtt/m/n --> OT1/txtt/m/n on input line 50.
LaTeX Font Info:    Overwriting math alphabet `\mathtt' in version `bold'
(Font)                  OT1/cmtt/m/n --> OT1/txtt/m/n on input line 50.
LaTeX Font Info:    Overwriting math alphabet `\mathtt' in version `bold'
(Font)                  OT1/txtt/m/n --> OT1/txtt/b/n on input line 51.
LaTeX Font Info:    Redeclaring symbol font `letters' on input line 58.
LaTeX Font Info:    Overwriting symbol font `letters' in version `normal'
(Font)                  OML/cmm/m/it --> OML/txmi/m/it on input line 58.
LaTeX Font Info:    Overwriting symbol font `letters' in version `bold'
(Font)                  OML/cmm/b/it --> OML/txmi/m/it on input line 58.
LaTeX Font Info:    Overwriting symbol font `letters' in version `bold'
(Font)                  OML/txmi/m/it --> OML/txmi/bx/it on input line 59.
\symlettersA=\mathgroup13
LaTeX Font Info:    Overwriting symbol font `lettersA' in version `bold'
(Font)                  U/txmia/m/it --> U/txmia/bx/it on input line 67.
LaTeX Font Info:    Redeclaring math alphabet \mathfrak on input line 70.
LaTeX Font Info:    Redeclaring symbol font `symbols' on input line 77.
LaTeX Font Info:    Overwriting symbol font `symbols' in version `normal'
(Font)                  OMS/cmsy/m/n --> OMS/txsy/m/n on input line 77.
LaTeX Font Info:    Overwriting symbol font `symbols' in version `bold'
(Font)                  OMS/cmsy/b/n --> OMS/txsy/m/n on input line 77.
LaTeX Font Info:    Overwriting symbol font `symbols' in version `bold'
(Font)                  OMS/txsy/m/n --> OMS/txsy/bx/n on input line 78.
LaTeX Font Info:    Redeclaring symbol font `AMSa' on input line 93.
LaTeX Font Info:    Overwriting symbol font `AMSa' in version `normal'
(Font)                  U/msa/m/n --> U/txsya/m/n on input line 93.
LaTeX Font Info:    Overwriting symbol font `AMSa' in version `bold'
(Font)                  U/msa/m/n --> U/txsya/m/n on input line 93.
LaTeX Font Info:    Overwriting symbol font `AMSa' in version `bold'
(Font)                  U/txsya/m/n --> U/txsya/bx/n on input line 94.
LaTeX Font Info:    Redeclaring symbol font `AMSb' on input line 102.
LaTeX Font Info:    Overwriting symbol font `AMSb' in version `normal'
(Font)                  U/msb/m/n --> U/txsyb/m/n on input line 102.
LaTeX Font Info:    Overwriting symbol font `AMSb' in version `bold'
(Font)                  U/msb/m/n --> U/txsyb/m/n on input line 102.
LaTeX Font Info:    Overwriting symbol font `AMSb' in version `bold'
(Font)                  U/txsyb/m/n --> U/txsyb/bx/n on input line 103.
\symsymbolsC=\mathgroup14
LaTeX Font Info:    Overwriting symbol font `symbolsC' in version `bold'
(Font)                  U/txsyc/m/n --> U/txsyc/bx/n on input line 113.
LaTeX Font Info:    Redeclaring symbol font `largesymbols' on input line 120.
LaTeX Font Info:    Overwriting symbol font `largesymbols' in version `normal'
(Font)                  OMX/cmex/m/n --> OMX/txex/m/n on input line 120.
LaTeX Font Info:    Overwriting symbol font `largesymbols' in version `bold'
(Font)                  OMX/cmex/m/n --> OMX/txex/m/n on input line 120.
LaTeX Font Info:    Overwriting symbol font `largesymbols' in version `bold'
(Font)                  OMX/txex/m/n --> OMX/txex/bx/n on input line 121.
\symlargesymbolsA=\mathgroup15
LaTeX Font Info:    Overwriting symbol font `largesymbolsA' in version `bold'
(Font)                  U/txexa/m/n --> U/txexa/bx/n on input line 129.
LaTeX Info: Redefining \not on input line 1043.
LaTeX Info: Redefining \textsquare on input line 1063.
LaTeX Info: Redefining \openbox on input line 1064.
)
(C:\CTEX\MiKTeX\tex\latex\graphics\graphicx.sty
Package: graphicx 1999/02/16 v1.0f Enhanced LaTeX Graphics (DPC,SPQR)

(C:\CTEX\MiKTeX\tex\latex\graphics\keyval.sty
Package: keyval 1999/03/16 v1.13 key=value parser (DPC)
\KV@toks@=\toks28
)
(C:\CTEX\MiKTeX\tex\latex\graphics\graphics.sty
Package: graphics 2006/02/20 v1.0o Standard LaTeX Graphics (DPC,SPQR)

(C:\CTEX\MiKTeX\tex\latex\graphics\trig.sty
Package: trig 1999/03/16 v1.09 sin cos tan (DPC)
)
(C:\CTEX\MiKTeX\tex\latex\00miktex\graphics.cfg
File: graphics.cfg 2007/01/18 v1.5 graphics configuration of teTeX/TeXLive
)
Package graphics Info: Driver file: dvips.def on input line 90.
)
\Gin@req@height=\dimen128
\Gin@req@width=\dimen129
)
(C:\CTEX\MiKTeX\tex\latex\ltxmisc\url.sty
\Urlmuskip=\muskip11
Package: url 2006/04/12  ver 3.3  Verb mode for urls, etc.
)
(C:\CTEX\MiKTeX\tex\latex\float\float.sty
Package: float 2001/11/08 v1.3d Float enhancements (AL)
\c@float@type=\count111
\float@exts=\toks29
\float@box=\box55
\@float@everytoks=\toks30
\@floatcapt=\box56
)
(C:\CTEX\MiKTeX\tex\generic\oberdiek\ifpdf.sty
Package: ifpdf 2009/04/10 v2.0 Provides the ifpdf switch (HO)
Package ifpdf Info: pdfTeX in pdf mode not detected.
) (psfig.sty
\@unused=\write3
\ps@stream=\read1
\p@intvaluex=\dimen130
\p@intvaluey=\dimen131

psfig/tex 1.10-dvips
)) (C:\CTEX\MiKTeX\tex\latex\soul\soul.sty
Package: soul 2003/11/17 v2.4 letterspacing/underlining (mf)
\SOUL@word=\toks31
\SOUL@lasttoken=\toks32
\SOUL@cmds=\toks33
\SOUL@buffer=\toks34
\SOUL@token=\toks35
\SOUL@spaceskip=\skip65
\SOUL@ttwidth=\dimen132
\SOUL@uldp=\dimen133
\SOUL@ulht=\dimen134
)
(C:\CTEX\MiKTeX\tex\latex\algorithms\algorithm.sty
Package: algorithm 2009/08/24 v0.1 Document Style `algorithm' - floating enviro
nment

(C:\CTEX\MiKTeX\tex\latex\base\ifthen.sty
Package: ifthen 2001/05/26 v1.1c Standard LaTeX ifthen package (DPC)
)
\@float@every@algorithm=\toks36
\c@algorithm=\count112
)
(C:\CTEX\MiKTeX\tex\latex\algorithms\algorithmic.sty
Package: algorithmic 2009/08/24 v0.1 Document Style `algorithmic'
\c@ALC@unique=\count113
\c@ALC@line=\count114
\c@ALC@rem=\count115
\c@ALC@depth=\count116
\ALC@tlm=\skip66
\algorithmicindent=\skip67
)
\c@algo=\count117
\c@definition11=\count118
\c@lemma=\count119
\c@theorem=\count120
\c@proposition=\count121


LaTeX Warning: Unused global option(s):
    [CJK].

(zf.aux)
LaTeX Font Info:    Checking defaults for OML/txmi/m/it on input line 25.
LaTeX Font Info:    Try loading font information for OML+txmi on input line 25.

 (C:\CTEX\MiKTeX\tex\latex\txfonts\omltxmi.fd
File: omltxmi.fd 2000/12/15 v3.1
)
LaTeX Font Info:    ... okay on input line 25.
LaTeX Font Info:    Checking defaults for T1/cmr/m/n on input line 25.
LaTeX Font Info:    ... okay on input line 25.
LaTeX Font Info:    Checking defaults for OT1/cmr/m/n on input line 25.
LaTeX Font Info:    ... okay on input line 25.
LaTeX Font Info:    Checking defaults for OMS/txsy/m/n on input line 25.
LaTeX Font Info:    Try loading font information for OMS+txsy on input line 25.


(C:\CTEX\MiKTeX\tex\latex\txfonts\omstxsy.fd
File: omstxsy.fd 2000/12/15 v3.1
)
LaTeX Font Info:    ... okay on input line 25.
LaTeX Font Info:    Checking defaults for OMX/txex/m/n on input line 25.
LaTeX Font Info:    Try loading font information for OMX+txex on input line 25.


(C:\CTEX\MiKTeX\tex\latex\txfonts\omxtxex.fd
File: omxtxex.fd 2000/12/15 v3.1
)
LaTeX Font Info:    ... okay on input line 25.
LaTeX Font Info:    Checking defaults for U/txexa/m/n on input line 25.
LaTeX Font Info:    Try loading font information for U+txexa on input line 25.

(C:\CTEX\MiKTeX\tex\latex\txfonts\utxexa.fd
File: utxexa.fd 2000/12/15 v3.1
)
LaTeX Font Info:    ... okay on input line 25.
LaTeX Font Info:    Try loading font information for OT1+txr on input line 25.

(C:\CTEX\MiKTeX\tex\latex\txfonts\ot1txr.fd
File: ot1txr.fd 2000/12/15 v3.1
)
(C:\CTEX\CTeX\tex\latex\CJK\GB\c19hei.fd) (\ziti{B}->gbkhei)
(C:\CTEX\CTeX\tex\latex\CJK\GB\c19fs.fd) (\ziti{D}->gbkfs)
LaTeX Font Info:    Try loading font information for U+txsya on input line 78.

(C:\CTEX\MiKTeX\tex\latex\txfonts\utxsya.fd
File: utxsya.fd 2000/12/15 v3.1
)
LaTeX Font Info:    Try loading font information for U+txsyb on input line 78.

(C:\CTEX\MiKTeX\tex\latex\txfonts\utxsyb.fd
File: utxsyb.fd 2000/12/15 v3.1
)
LaTeX Font Info:    Try loading font information for U+rsfs on input line 78.

(C:\CTEX\MiKTeX\tex\latex\jknappen\ursfs.fd
File: ursfs.fd 1998/03/24 rsfs font definition file (jk)
)
LaTeX Font Info:    Try loading font information for U+lasy on input line 78.

(C:\CTEX\MiKTeX\tex\latex\base\ulasy.fd
File: ulasy.fd 1998/08/17 v2.2e LaTeX symbol font definitions
)
LaTeX Font Info:    Try loading font information for U+txmia on input line 78.

(C:\CTEX\MiKTeX\tex\latex\txfonts\utxmia.fd
File: utxmia.fd 2000/12/15 v3.1
)
LaTeX Font Info:    Try loading font information for U+txsyc on input line 78.

(C:\CTEX\MiKTeX\tex\latex\txfonts\utxsyc.fd
File: utxsyc.fd 2000/12/15 v3.1
)
(C:\CTEX\CTeX\tex\latex\CJK\GB\c19kai.fd) (\ziti{C}->gbkkai)
Loading punctuation table gbkfs.tbl
Overfull \hbox (0.12651pt too wide) in paragraph at lines 80--111
|  [] 
 []

Loading punctuation table gbksong.tbl
File: doubleloop_unfold_cmp_simple.eps Graphic file (type eps)
 <doubleloop_unfold_cmp_simple.eps>
LaTeX Font Info:    Try loading font information for OT1+txtt on input line 176
.

(C:\CTEX\MiKTeX\tex\latex\txfonts\ot1txtt.fd
File: ot1txtt.fd 2000/12/15 v3.1
)

Package Fancyhdr Warning: \headheight is too small (12.0pt): 
 Make it at least 12.43053pt.
 We now make it that large for the rest of the document.
 This may cause the page layout to be inconsistent, however.

[1

]
Overfull \hbox (6.51532pt too wide) in paragraph at lines 222--227
[][]\gbksong61-10.5 ò \gbksong42-10.5 á \gbksong54-10.5 ( @$\OML/txmi/m/it/10 A
$\gbksong55-10.5 ¥ \gbksong41-10.5 ƒ \gbksong39-10.5  \gbksong63-10.5 3 \gbkso
ng40-10.5  \gbksong45-10.5 O \gbksong56-10.5 é \gbksong44-10.5 ≈ \gbksong38-10
.5 ß \gbksong60-10.5 S \gbksong38-10.5 ° \gbksong58-10.5 è\OT1/txr/m/n/10 SAT\g
bksong53-10.5 ¶ \gbksong46-10.5 ) \gbksong52-10.5 Ï\OT1/txr/m/n/10 , \gbksong54
-10.5 X\OT1/txr/m/n/10 Zchaff[[]], Grasp[[]], Berkmin[[]], \gbksong43-10.5 ⁄\OT
1/txr/m/n/10 MiniSAT[[]].
 []

File: mealy.eps Graphic file (type eps)
<mealy.eps>
Overfull \hbox (1.90001pt too wide) has occurred while \output is active
[] 
 []


Overfull \vbox (0.94566pt too high) has occurred while \output is active []


[2]
File: t1.eps Graphic file (type eps)
 <t1.eps>
Overfull \hbox (1.90001pt too wide) has occurred while \output is active
[] 
 []


Overfull \vbox (0.89166pt too high) has occurred while \output is active []


[3]
File: mealy_add.eps Graphic file (type eps)
 <mealy_add.eps>
Overfull \hbox (1.90001pt too wide) has occurred while \output is active
[] 
 []


Overfull \vbox (0.94566pt too high) has occurred while \output is active []


[4]
File: doubleloop.eps Graphic file (type eps)
 <doubleloop.eps>
File: doubleloop_unfold.eps Graphic file (type eps)
 <doubleloop_unfold.eps>
Overfull \hbox (8.55905pt too wide) in paragraph at lines 482--486
[]\OT1/txr/bx/n/10 Definition 3. [][]\gbkhei38-10.5 ¶ \gbkhei44-10.5 » \gbkhei6
5-10.5 G \gbkhei57-10.5  \gbkhei44-10.5 ≈\OT1/txr/bx/it/10 : \gbkkai40-10.5 È 
\gbkkai62-10.5 u\OT1/txr/m/it/10 Mealy\gbkkai65-10.5 G \gbkkai57-10.5  \gbkkai
44-10.5 ≈$\OML/txmi/m/it/10 M \OT1/txr/m/n/10 = (\OML/txmi/m/it/10 S; s[]; I; O
; T\OT1/txr/m/n/10 )$\OT1/txr/m/it/10 , \gbkkai52-10.5 Ÿ \gbkkai38-10.5 ¶ \gbkk
ai44-10.5 » \gbkkai65-10.5 G \gbkkai57-10.5  \gbkkai44-10.5 ≈ \gbkkai40-10.5 Ω
 \gbkkai61-10.5 ¬ \gbkkai58-10.5 è$\OML/txmi/m/it/10 M[] \OT1/txr/m/n/10 = (\OM
L/txmi/m/it/10 S[]; s[]; I[]; O[]; T[]\OT1/txr/m/n/10 )$\OT1/txr/m/it/10 ,
 []


Overfull \hbox (1.90001pt too wide) has occurred while \output is active
[] 
 []


Overfull \vbox (0.89166pt too high) has occurred while \output is active []


[5] Loading punctuation table gbkkai.tbl
Overfull \hbox (7.8744pt too wide) in paragraph at lines 491--492
[][]$\OML/txmi/m/it/10 T[]$\gbkkai40-10.5 Ω \gbkkai61-10.5 ¬ \gbkkai58-10.5 è$\
OT1/txr/m/n/10 (\OML/txmi/m/it/10 < s[]; s[] >; < o[]; o[] >\OT1/txr/m/n/10 ) =
 \OML/txmi/m/it/10 T[]\OT1/txr/m/n/10 (\OML/txmi/m/it/10 < s[]; s[] >; < i[]; i
[] >\OT1/txr/m/n/10 )$|\gbkkai26-10.5 ß| \gbkkai52-10.5 Ÿ \gbkkai64-10.5 •$\OT1
/txr/m/n/10 (\OML/txmi/m/it/10 s[]; o[]\OT1/txr/m/n/10 ) = \OML/txmi/m/it/10 T\
OT1/txr/m/n/10 (\OML/txmi/m/it/10 s[]; i[]\OT1/txr/m/n/10 )$\gbkkai53-10.5 Ö$\O
T1/txr/m/n/10 (\OML/txmi/m/it/10 s[]; o[]\OT1/txr/m/n/10 ) =
 []

File: doubleloop_unfold_cmp.eps Graphic file (type eps)
<doubleloop_unfold_cmp.eps>
Overfull \hbox (1.90001pt too wide) has occurred while \output is active
[] 
 []


Overfull \vbox (0.94566pt too high) has occurred while \output is active []


[6]
Overfull \hbox (1.90001pt too wide) has occurred while \output is active
[] 
 []


Overfull \vbox (0.89166pt too high) has occurred while \output is active []


[7]
Overfull \hbox (9.42577pt too wide) in paragraph at lines 669--672
[][]$\OML/txmi/m/it/10 F[]\OT1/txr/m/n/10 (\OML/txmi/m/it/10 p\OT1/txr/m/n/10 "
\OML/txmi/m/it/10 ; d\OT1/txr/m/n/10 "\OML/txmi/m/it/10 ; l\OT1/txr/m/n/10 ")$\
gbksong55-10.5 ¥$\OML/txmi/m/it/10 F[]\OT1/txr/m/n/10 (\OML/txmi/m/it/10 p\OT1/
txr/m/n/10 "\OML/txmi/m/it/10 ; d\OT1/txr/m/n/10 "\OML/txmi/m/it/10 ; l\OT1/txr
/m/n/10 ")$\gbksong40-10.5  \gbksong65-10.5 f \gbksong42-10.5 ˙ \gbksong55-10.
5 ™\OT1/txr/m/n/10 , \gbksong61-10.5 œ \gbksong39-10.5 d$\OML/txmi/m/it/10 F[]\
OT1/txr/m/n/10 (\OML/txmi/m/it/10 p\OT1/txr/m/n/10 "\OML/txmi/m/it/10 ; d\OT1/t
xr/m/n/10 "\OML/txmi/m/it/10 ; l\OT1/txr/m/n/10 ")$\gbksong61-10.5 è \gbksong55
-10.5 ¥ \gbksong47-10.5 å \gbksong49-10.5 ˜ \gbksong65-10.5 v \gbksong40-10.5 
\OT1/txr/m/n/10 , \gbksong63-10.5 ˘ \gbksong61-10.5 ø \gbksong58-10.5 õ \gbkson
g65-10.5 X$\OML/txmi/m/it/10 E \U/txsya/m/n/10  \OML/txmi/m/it/10 PC\OT1/txr/m
/n/10 (\OML/txmi/m/it/10 p\OT1/txr/m/n/10 "\OML/txmi/m/it/10 ; d\OT1/txr/m/n/10
 "\OML/txmi/m/it/10 ; l\OT1/txr/m/n/10 ")$\gbksong37-10.5 ÿ
 []

File: rmred.eps Graphic file (type eps)
<rmred.eps>
Overfull \hbox (1.90001pt too wide) has occurred while \output is active
[] 
 []


Overfull \vbox (0.94566pt too high) has occurred while \output is active []


[8]
Overfull \hbox (1.90001pt too wide) has occurred while \output is active
[] 
 []


Overfull \vbox (0.89166pt too high) has occurred while \output is active []


[9]
Overfull \hbox (1.90001pt too wide) has occurred while \output is active
[] 
 []


Overfull \vbox (0.94566pt too high) has occurred while \output is active []


[10]
Overfull \hbox (1.90001pt too wide) has occurred while \output is active
[] 
 []


Overfull \vbox (0.89166pt too high) has occurred while \output is active []


[11]
Overfull \hbox (1.90001pt too wide) has occurred while \output is active
[] 
 []


Overfull \vbox (0.94566pt too high) has occurred while \output is active []


[12]
Overfull \hbox (1.90001pt too wide) has occurred while \output is active
[] 
 []


Overfull \vbox (0.89166pt too high) has occurred while \output is active []


[13]
Overfull \hbox (1.90001pt too wide) has occurred while \output is active
[] 
 []


Overfull \vbox (0.94566pt too high) has occurred while \output is active []


[14]
Overfull \hbox (1.90001pt too wide) has occurred while \output is active
[] 
 []


Overfull \vbox (0.89166pt too high) has occurred while \output is active []


[15] (zf.aux) )
(\end occurred inside a group at level 2)

### semi simple group (level 2) entered at line 78 (\begingroup)
### semi simple group (level 1) entered at line 78 (\begingroup)
### bottom level 
Here is how much of TeX's memory you used:
 4621 strings out of 95305
 51919 string characters out of 1183554
 129167 words of memory out of 1500000
 7542 multiletter control sequences out of 110000
 107218 words of font info for 369 fonts, out of 3000000 for 5000
 14 hyphenation exceptions out of 8191
 35i,21n,45p,362b,763s stack positions out of 5000i,500n,10000p,200000b,50000s

Output written on zf.dvi (15 pages, 84980 bytes).
