This is pdfTeX, Version 3.1415926-1.40.9 (MiKTeX 2.7) (preloaded format=latex 2011.9.16)  23 SEP 2011 10:52
entering extended mode
**Z:/dualsyn_paper/tcad12/tcad_real/bare_jrnl.tex
(Z:/dualsyn_paper/tcad12/tcad_real/bare_jrnl.tex
LaTeX2e <2005/12/01>
Babel <v3.8l> and hyphenation patterns for english, dumylang, nohyphenation, ge
rman, ngerman, german-x-2008-06-18, ngerman-x-2008-06-18, french, loaded.
(IEEEtran.cls
Document Class: IEEEtran 2007/03/05 V1.7a by Michael Shell
-- See the "IEEEtran_HOWTO" manual for usage information.
-- http://www.michaelshell.org/tex/ieeetran/
\@IEEEtrantmpdimenA=\dimen102
\@IEEEtrantmpdimenB=\dimen103
\@IEEEtrantmpcountA=\count79
\@IEEEtrantmpcountB=\count80
\@IEEEtrantmptoksA=\toks14
LaTeX Font Info:    Try loading font information for OT1+ptm on input line 366.

("C:\Program Files\MiKTeX 2.7\tex\latex\psnfss\ot1ptm.fd"
File: ot1ptm.fd 2001/06/04 font definitions for OT1/ptm.
)
-- Using 8.5in x 11in (letter) paper.
-- Using DVI output.
\@IEEEnormalsizeunitybaselineskip=\dimen104
-- This is a 10 point document.
\CLASSINFOnormalsizebaselineskip=\dimen105
\CLASSINFOnormalsizeunitybaselineskip=\dimen106
\IEEEnormaljot=\dimen107
LaTeX Font Info:    Font shape `OT1/ptm/bx/n' in size <5> not available
(Font)              Font shape `OT1/ptm/b/n' tried instead on input line 724.
LaTeX Font Info:    Font shape `OT1/ptm/bx/it' in size <5> not available
(Font)              Font shape `OT1/ptm/b/it' tried instead on input line 724.
LaTeX Font Info:    Font shape `OT1/ptm/bx/n' in size <7> not available
(Font)              Font shape `OT1/ptm/b/n' tried instead on input line 724.
LaTeX Font Info:    Font shape `OT1/ptm/bx/it' in size <7> not available
(Font)              Font shape `OT1/ptm/b/it' tried instead on input line 724.
LaTeX Font Info:    Font shape `OT1/ptm/bx/n' in size <8> not available
(Font)              Font shape `OT1/ptm/b/n' tried instead on input line 724.
LaTeX Font Info:    Font shape `OT1/ptm/bx/it' in size <8> not available
(Font)              Font shape `OT1/ptm/b/it' tried instead on input line 724.
LaTeX Font Info:    Font shape `OT1/ptm/bx/n' in size <9> not available
(Font)              Font shape `OT1/ptm/b/n' tried instead on input line 724.
LaTeX Font Info:    Font shape `OT1/ptm/bx/it' in size <9> not available
(Font)              Font shape `OT1/ptm/b/it' tried instead on input line 724.
LaTeX Font Info:    Font shape `OT1/ptm/bx/n' in size <10> not available
(Font)              Font shape `OT1/ptm/b/n' tried instead on input line 724.
LaTeX Font Info:    Font shape `OT1/ptm/bx/it' in size <10> not available
(Font)              Font shape `OT1/ptm/b/it' tried instead on input line 724.
LaTeX Font Info:    Font shape `OT1/ptm/bx/n' in size <11> not available
(Font)              Font shape `OT1/ptm/b/n' tried instead on input line 724.
LaTeX Font Info:    Font shape `OT1/ptm/bx/it' in size <11> not available
(Font)              Font shape `OT1/ptm/b/it' tried instead on input line 724.
LaTeX Font Info:    Font shape `OT1/ptm/bx/n' in size <12> not available
(Font)              Font shape `OT1/ptm/b/n' tried instead on input line 724.
LaTeX Font Info:    Font shape `OT1/ptm/bx/it' in size <12> not available
(Font)              Font shape `OT1/ptm/b/it' tried instead on input line 724.
LaTeX Font Info:    Font shape `OT1/ptm/bx/n' in size <17> not available
(Font)              Font shape `OT1/ptm/b/n' tried instead on input line 724.
LaTeX Font Info:    Font shape `OT1/ptm/bx/it' in size <17> not available
(Font)              Font shape `OT1/ptm/b/it' tried instead on input line 724.
LaTeX Font Info:    Font shape `OT1/ptm/bx/n' in size <20> not available
(Font)              Font shape `OT1/ptm/b/n' tried instead on input line 724.
LaTeX Font Info:    Font shape `OT1/ptm/bx/it' in size <20> not available
(Font)              Font shape `OT1/ptm/b/it' tried instead on input line 724.
LaTeX Font Info:    Font shape `OT1/ptm/bx/n' in size <24> not available
(Font)              Font shape `OT1/ptm/b/n' tried instead on input line 724.
LaTeX Font Info:    Font shape `OT1/ptm/bx/it' in size <24> not available
(Font)              Font shape `OT1/ptm/b/it' tried instead on input line 724.
\IEEEilabelindentA=\dimen108
\IEEEilabelindentB=\dimen109
\IEEEilabelindent=\dimen110
\IEEEelabelindent=\dimen111
\IEEEdlabelindent=\dimen112
\IEEElabelindent=\dimen113
\IEEEiednormlabelsep=\dimen114
\IEEEiedmathlabelsep=\dimen115
\IEEEiedtopsep=\skip41
\c@section=\count81
\c@subsection=\count82
\c@subsubsection=\count83
\c@paragraph=\count84
\c@IEEEsubequation=\count85
\abovecaptionskip=\skip42
\belowcaptionskip=\skip43
\c@figure=\count86
\c@table=\count87
\@IEEEeqnnumcols=\count88
\@IEEEeqncolcnt=\count89
\@IEEEtmpitemindent=\dimen116
\c@IEEEbiography=\count90
\@IEEEtranrubishbin=\box26
) (cite.sty
LaTeX Info: Redefining \cite on input line 242.
LaTeX Info: Redefining \nocite on input line 313.
Package: cite 2009/04/29  v 5.1
) ("C:\Program Files\MiKTeX 2.7\tex\latex\graphics\graphicx.sty"
Package: graphicx 1999/02/16 v1.0f Enhanced LaTeX Graphics (DPC,SPQR)

("C:\Program Files\MiKTeX 2.7\tex\latex\graphics\keyval.sty"
Package: keyval 1999/03/16 v1.13 key=value parser (DPC)
\KV@toks@=\toks15
)
("C:\Program Files\MiKTeX 2.7\tex\latex\graphics\graphics.sty"
Package: graphics 2006/02/20 v1.0o Standard LaTeX Graphics (DPC,SPQR)

("C:\Program Files\MiKTeX 2.7\tex\latex\graphics\trig.sty"
Package: trig 1999/03/16 v1.09 sin cos tan (DPC)
)
("C:\Program Files\MiKTeX 2.7\tex\latex\00miktex\graphics.cfg"
File: graphics.cfg 2007/01/18 v1.5 graphics configuration of teTeX/TeXLive
)
Package graphics Info: Driver file: dvips.def on input line 90.

("C:\Program Files\MiKTeX 2.7\tex\latex\graphics\dvips.def"
File: dvips.def 1999/02/16 v3.0i Driver-dependant file (DPC,SPQR)
))
\Gin@req@height=\dimen117
\Gin@req@width=\dimen118
)
("C:\Program Files\MiKTeX 2.7\tex\latex\amsmath\amsmath.sty"
Package: amsmath 2000/07/18 v2.13 AMS math features
\@mathmargin=\skip44

For additional information on amsmath, use the `?' option.
("C:\Program Files\MiKTeX 2.7\tex\latex\amsmath\amstext.sty"
Package: amstext 2000/06/29 v2.01

("C:\Program Files\MiKTeX 2.7\tex\latex\amsmath\amsgen.sty"
File: amsgen.sty 1999/11/30 v2.0
\@emptytoks=\toks16
\ex@=\dimen119
))
("C:\Program Files\MiKTeX 2.7\tex\latex\amsmath\amsbsy.sty"
Package: amsbsy 1999/11/29 v1.2d
\pmbraise@=\dimen120
)
("C:\Program Files\MiKTeX 2.7\tex\latex\amsmath\amsopn.sty"
Package: amsopn 1999/12/14 v2.01 operator names
)
\inf@bad=\count91
LaTeX Info: Redefining \frac on input line 211.
\uproot@=\count92
\leftroot@=\count93
LaTeX Info: Redefining \overline on input line 307.
\classnum@=\count94
\DOTSCASE@=\count95
LaTeX Info: Redefining \ldots on input line 379.
LaTeX Info: Redefining \dots on input line 382.
LaTeX Info: Redefining \cdots on input line 467.
\Mathstrutbox@=\box27
\strutbox@=\box28
\big@size=\dimen121
LaTeX Font Info:    Redeclaring font encoding OML on input line 567.
LaTeX Font Info:    Redeclaring font encoding OMS on input line 568.
\macc@depth=\count96
\c@MaxMatrixCols=\count97
\dotsspace@=\muskip10
\c@parentequation=\count98
\dspbrk@lvl=\count99
\tag@help=\toks17
\row@=\count100
\column@=\count101
\maxfields@=\count102
\andhelp@=\toks18
\eqnshift@=\dimen122
\alignsep@=\dimen123
\tagshift@=\dimen124
\tagwidth@=\dimen125
\totwidth@=\dimen126
\lineht@=\dimen127
\@envbody=\toks19
\multlinegap=\skip45
\multlinetaggap=\skip46
\mathdisplay@stack=\toks20
LaTeX Info: Redefining \[ on input line 2666.
LaTeX Info: Redefining \] on input line 2667.
)
("C:\Program Files\MiKTeX 2.7\tex\latex\amsfonts\amssymb.sty"
Package: amssymb 2002/01/22 v2.2d

("C:\Program Files\MiKTeX 2.7\tex\latex\amsfonts\amsfonts.sty"
Package: amsfonts 2001/10/25 v2.2f
LaTeX Font Info:    Try loading font information for OMX+cmex on input line 76.


("C:\Program Files\MiKTeX 2.7\tex\latex\base\omxcmex.fd"
File: omxcmex.fd 1999/05/25 v2.5h Standard LaTeX font definitions
)
\symAMSa=\mathgroup4
\symAMSb=\mathgroup5
LaTeX Font Info:    Overwriting math alphabet `\mathfrak' in version `bold'
(Font)                  U/euf/m/n --> U/euf/b/n on input line 132.
)) (algorithm.sty
Package: algorithm 

Document Style `algorithm' - floating environment
("C:\Program Files\MiKTeX 2.7\tex\latex\float\float.sty"
Package: float 2001/11/08 v1.3d Float enhancements (AL)
\c@float@type=\count103
\float@exts=\toks21
\float@box=\box29
\@float@everytoks=\toks22
\@floatcapt=\box30
)
("C:\Program Files\MiKTeX 2.7\tex\latex\base\ifthen.sty"
Package: ifthen 2001/05/26 v1.1c Standard LaTeX ifthen package (DPC)
)
\@float@every@algorithm=\toks23
\c@algorithm=\count104
) (algorithmic.sty
Package: algorithmic 2005/07/05

Document Style `algorithmic' - environment
("C:\Program Files\MiKTeX 2.7\tex\latex\tools\calc.sty"
Package: calc 2005/08/06 v4.2 Infix arithmetic (KKT,FJ)
\calc@Acount=\count105
\calc@Bcount=\count106
\calc@Adimen=\dimen128
\calc@Bdimen=\dimen129
\calc@Askip=\skip47
\calc@Bskip=\skip48
LaTeX Info: Redefining \setlength on input line 75.
LaTeX Info: Redefining \addtolength on input line 76.
\calc@Ccount=\count107
\calc@Cskip=\skip49
)
\c@ALC@line=\count108
\c@ALC@rem=\count109
\c@ALC@depth=\count110
\ALC@tlm=\skip50
\algorithmicindent=\skip51
)
("C:\Program Files\MiKTeX 2.7\tex\latex\ltxmisc\url.sty"
\Urlmuskip=\muskip11
Package: url 2006/04/12  ver 3.3  Verb mode for urls, etc.
)
("C:\Program Files\MiKTeX 2.7\tex\generic\xypic\xy.sty"
("C:\Program Files\MiKTeX 2.7\tex\generic\xypic\xy.tex" Bootstrap'ing:
catcodes, docmode, ("C:\Program Files\MiKTeX 2.7\tex\generic\xypic\xyrecat.tex"
) ("C:\Program Files\MiKTeX 2.7\tex\generic\xypic\xyidioms.tex")

 Xy-pic version 3.7 <1999/02/16>
 Copyright (c) 1991-1998 by Kristoffer H. Rose <krisrose@ens-lyon.fr>
 Xy-pic is free software: see the User's Guide for details.

Loading kernel: messages; fonts; allocations: state,
\X@c=\dimen130
\Y@c=\dimen131
\U@c=\dimen132
\D@c=\dimen133
\L@c=\dimen134
\R@c=\dimen135
\Edge@c=\toks24
\X@p=\dimen136
\Y@p=\dimen137
\U@p=\dimen138
\D@p=\dimen139
\L@p=\dimen140
\R@p=\dimen141
\Edge@p=\toks25
\X@origin=\dimen142
\Y@origin=\dimen143
\X@xbase=\dimen144
\Y@xbase=\dimen145
\X@ybase=\dimen146
\Y@ybase=\dimen147
\X@min=\dimen148
\Y@min=\dimen149
\X@max=\dimen150
\Y@max=\dimen151
\lastobjectbox@=\box31
\zerodotbox@=\box32
\almostz@=\dimen152
 direction,
\d@X=\dimen153
\d@Y=\dimen154
\K@=\count111
\KK@=\count112
\Direction=\count113
\K@dXdY=\dimen155
\K@dYdX=\dimen156
\xyread@=\read1
\xywrite@=\write3
\csp@=\count114
\quotPTK@=\dimen157

utility macros; pictures: \xy, positions,
\swaptoks@@=\toks26
\connectobjectbox@@=\box33
 objects,
\styletoks@=\toks27
 decorations;
kernel objects: directionals, circles, text; options; algorithms: directions,
edges, connections;  Xy-pic loaded)
Package: xy 1999/02/16 Xy-pic version 3.7

("C:\Program Files\MiKTeX 2.7\tex\generic\xypic\xyall.tex"
 Xy-pic option: All features v.3.3
("C:\Program Files\MiKTeX 2.7\tex\generic\xypic\xycurve.tex"
 Xy-pic option: Curve and Spline extension v.3.7 curve,
\crv@cnt@=\count115
\crvpts@=\toks28
\splinebox@=\box34
\splineval@=\dimen158
\splinedepth@=\dimen159
\splinetol@=\dimen160
\splinelength@=\dimen161
 circles,
\L@=\dimen162
 loaded)
("C:\Program Files\MiKTeX 2.7\tex\generic\xypic\xyframe.tex"
 Xy-pic option: Frame and Bracket extension v.3.7 loaded)
("C:\Program Files\MiKTeX 2.7\tex\generic\xypic\xycmtip.tex"
 Xy-pic option: Computer Modern tip extension v.3.3
("C:\Program Files\MiKTeX 2.7\tex\generic\xypic\xytips.tex"
 Xy-pic option: More Tips extension v.3.3 loaded) loaded)
("C:\Program Files\MiKTeX 2.7\tex\generic\xypic\xyline.tex"
 Xy-pic option: Line styles extension v.3.6
\xylinethick@=\dimen163
 loaded)
("C:\Program Files\MiKTeX 2.7\tex\generic\xypic\xyrotate.tex"
 Xy-pic option: Rotate and Scale extension v.3.3 loaded)
("C:\Program Files\MiKTeX 2.7\tex\generic\xypic\xycolor.tex"
 Xy-pic option: Colour extension v.3.3 loaded)
("C:\Program Files\MiKTeX 2.7\tex\generic\xypic\xymatrix.tex"
 Xy-pic option: Matrix feature v.3.4
\Row=\count116
\Col=\count117
\queue@=\toks29
\queue@@=\toks30
\qcount@=\count118
\qcount@@=\count119
\matrixsize@=\count120
 loaded)
("C:\Program Files\MiKTeX 2.7\tex\generic\xypic\xyarrow.tex"
 Xy-pic option: Arrow and Path feature v.3.5 path, \ar, loaded)
("C:\Program Files\MiKTeX 2.7\tex\generic\xypic\xygraph.tex"
 Xy-pic option: Graph feature v.3.7 loaded) loaded)) (bare_jrnl.aux)
LaTeX Font Info:    Checking defaults for OML/cmm/m/it on input line 399.
LaTeX Font Info:    ... okay on input line 399.
LaTeX Font Info:    Checking defaults for T1/cmr/m/n on input line 399.
LaTeX Font Info:    ... okay on input line 399.
LaTeX Font Info:    Checking defaults for OT1/cmr/m/n on input line 399.
LaTeX Font Info:    ... okay on input line 399.
LaTeX Font Info:    Checking defaults for OMS/cmsy/m/n on input line 399.
LaTeX Font Info:    ... okay on input line 399.
LaTeX Font Info:    Checking defaults for OMX/cmex/m/n on input line 399.
LaTeX Font Info:    ... okay on input line 399.
LaTeX Font Info:    Checking defaults for U/cmr/m/n on input line 399.
LaTeX Font Info:    ... okay on input line 399.
LaTeX Font Info:    Try loading font information for OMS+ptm on input line 492.


("C:\Program Files\MiKTeX 2.7\tex\latex\psnfss\omsptm.fd"
File: omsptm.fd 
)
LaTeX Font Info:    Font shape `OMS/ptm/m/n' in size <8> not available
(Font)              Font shape `OMS/cmsy/m/n' tried instead on input line 492.

Underfull \hbox (badness 3260) in paragraph at lines 492--492
[][][]\OT1/ptm/m/n/8 The au-thors are with the School of Com-puter, Na-tional U
ni-ver-
 []


Underfull \hbox (badness 2689) in paragraph at lines 492--492
\OT1/ptm/m/n/8 sity of De-fense Tech-nol-ogy, Chang-Sha, Hu-Nan, 410073 CHINA. 
e-
 []

LaTeX Font Info:    External font `cmex10' loaded for size
(Font)              <9> on input line 511.
LaTeX Font Info:    External font `cmex10' loaded for size
(Font)              <6> on input line 511.
LaTeX Font Info:    External font `cmex10' loaded for size
(Font)              <5> on input line 511.
LaTeX Font Info:    Try loading font information for U+msa on input line 511.
("C:\Program Files\MiKTeX 2.7\tex\latex\amsfonts\umsa.fd"
File: umsa.fd 2002/01/19 v2.2g AMS font definitions
)
LaTeX Font Info:    Try loading font information for U+msb on input line 511.

("C:\Program Files\MiKTeX 2.7\tex\latex\amsfonts\umsb.fd"
File: umsb.fd 2002/01/19 v2.2g AMS font definitions
)
\c@definition11=\count121
\c@lemma=\count122
\c@theorem=\count123
\c@proposition=\count124
LaTeX Font Info:    External font `cmex10' loaded for size
(Font)              <10> on input line 566.
LaTeX Font Info:    External font `cmex10' loaded for size
(Font)              <7> on input line 566.
File: flow.eps Graphic file (type eps)
 <flow.eps> [1


]
File: multidec.eps Graphic file (type eps)

<multidec.eps>
Underfull \hbox (badness 10000) in paragraph at lines 777--783
[][]\OT1/ptm/m/n/10 Given two
 []

[2]
File: mealy.eps Graphic file (type eps)
 <mealy.eps>
File: t1.eps Graphic file (type eps)
 <t1.eps>
File: doubleloop.eps Graphic file (type eps)
 <doubleloop.eps> [3]
Underfull \hbox (badness 4582) in paragraph at lines 1033--1037
[][]\OT1/ptm/b/n/10 Product ma-chine: \OT1/ptm/m/n/10 For Mealy ma-chine
 []


Underfull \hbox (badness 4108) in paragraph at lines 1033--1037
\OT1/cmr/m/n/10 (\OML/cmm/m/it/10 S[]; s[]; I[]; C[]$ $; O[]; T[]\OT1/cmr/m/n/1
0 )$\OT1/ptm/m/n/10 , where $\OML/cmm/m/it/10 T[]$ \OT1/ptm/m/n/10 is de-fined 
as $\OT1/cmr/m/n/10 (\OML/cmm/m/it/10 <
 []


Underfull \hbox (badness 2310) in paragraph at lines 1044--1051
\OT1/ptm/b/n/10 (LN): \OT1/ptm/m/n/10 For en-coder $\OML/cmm/m/it/10 E$ \OT1/pt
m/m/n/10 and its Mealy ma-chine $\OML/cmm/m/it/10 M \OT1/cmr/m/n/10 =
 []

** ATTENTION: \proof is deprecated (line 1189). Use \IEEEproof instead.
[4] [5]
File: fdtest.eps Graphic file (type eps)
 <fdtest.eps>
Underfull \hbox (badness 10000) in paragraph at lines 1565--1567
[][]\OT1/ptm/m/n/10 If Equa-tion (17[]) is un-sat-is-fi-able, then
 []

** ATTENTION: \proof is deprecated (line 1568). Use \IEEEproof instead.
** ATTENTION: \proof is deprecated (line 1599). Use \IEEEproof instead.
** ATTENTION: \proof is deprecated (line 1642). Use \IEEEproof instead.
[6]
LaTeX Font Info:    External font `cmex10' loaded for size
(Font)              <8> on input line 1826.
LaTeX Font Info:    Try loading font information for OT1+pcr on input line 1861
.
 ("C:\Program Files\MiKTeX 2.7\tex\latex\psnfss\ot1pcr.fd"
File: ot1pcr.fd 2001/06/04 font definitions for OT1/pcr.
)
Underfull \hbox (badness 10000) in paragraph at lines 1863--1865
[][]\OT1/ptm/b/n/10 For XFI\OT1/ptm/m/n/10 : \OT1/pcr/m/n/10 !( ( RESET & TEST_
MODE ) |
 []


Underfull \hbox (badness 10000) in paragraph at lines 1863--1865
\OT1/pcr/m/n/10 ( !RESET & TEST_MODE ) | ( !RESET &
 []


Underfull \hbox (badness 10000) in paragraph at lines 1869--1871
\OT1/pcr/m/n/10 ) | ( CNTL_RESETN_P0 & !TXELECIDLE &
 []


Underfull \hbox (badness 10000) in paragraph at lines 1869--1871
\OT1/pcr/m/n/10 CNTL_TXEnable_P0 & CNTL_Loopback_P0
 []


Underfull \hbox (badness 10000) in paragraph at lines 1869--1871
\OT1/pcr/m/n/10 ) | ( CNTL_RESETN_P0 & !TXELECIDLE &
 []


Underfull \hbox (badness 10000) in paragraph at lines 1869--1871
\OT1/pcr/m/n/10 !CNTL_TXEnable_P0 ) | ( !CNTL_RESETN_P0
 []

[7]
Underfull \hbox (badness 10000) in paragraph at lines 1872--1874
\OT1/pcr/m/n/10 & !txd_sel[1] & link_up_loc ) | (
 []


Underfull \hbox (badness 10000) in paragraph at lines 1872--1874
\OT1/pcr/m/n/10 !reset_tx & !txd_sel[0] & !txd_sel[1]
 []


Underfull \hbox (badness 10000) in paragraph at lines 1872--1874
\OT1/pcr/m/n/10 & link_up_loc & jitter_study_pci[0] ) |
 []


Underfull \hbox (badness 10000) in paragraph at lines 1872--1874
\OT1/pcr/m/n/10 ( !reset_tx & !txd_sel[0] & !txd_sel[1]
 []


Underfull \hbox (badness 10000) in paragraph at lines 1872--1874
\OT1/pcr/m/n/10 & link_up_loc & !jitter_study_pci[0] &
 []


Underfull \hbox (badness 4967) in paragraph at lines 1947--1956
[][]\OT1/ptm/m/n/10 For the two de-coders of XFI, their cor-re-spond-ing
 []


Underfull \hbox (badness 4608) in paragraph at lines 1947--1956
\OML/cmm/m/it/10 IA[]$ \OT1/ptm/m/n/10 is $\OML/cmm/m/it/10 RESET []\OT1/cmr/m/
n/10 & []!\OML/cmm/m/it/10 TEST[]MODE$\OT1/ptm/m/n/10 , while $\OML/cmm/m/it/10
 IA[]$ \OT1/ptm/m/n/10 is
 []

[8]
File: doubleloop.eps Graphic file (type eps)
 <doubleloop.eps>
File: doubleloop_unfold.eps Graphic file (type eps)
 <doubleloop_unfold.eps>
File: doubleloop_unfold_cmp.eps Graphic file (type eps)
 <doubleloop_unfold_cmp.eps>
** ATTENTION: \proof is deprecated (line 2306). Use \IEEEproof instead.

Underfull \vbox (badness 10000) has occurred while \output is active []

 [9]
Underfull \hbox (badness 10000) in paragraph at lines 2351--2356
[][]\OT1/ptm/m/n/10 Similarly, we can also make $\OML/cmm/m/it/10 Prefix[]$ \OT
1/ptm/m/n/10 and
 []


Underfull \hbox (badness 2150) in paragraph at lines 2351--2356
\OML/cmm/m/it/10 Left[]$ \OT1/ptm/m/n/10 sat-is-fi-able. Thus the 2nd line of E
qua-tion
 []

** ATTENTION: \proof is deprecated (line 2370). Use \IEEEproof instead.

Underfull \hbox (badness 1436) in paragraph at lines 2371--2375
 \OT1/ptm/m/it/10 Proof: \OT1/ptm/m/n/10 It is ob-vi-ous that $\OML/cmm/m/it/10
 F[]\OT1/cmr/m/n/10 (\OML/cmm/m/it/10 p; d; l; R\OT1/cmr/m/n/10 )$ \OT1/ptm/m/n
/10 is a sub-
 []

** ATTENTION: \proof is deprecated (line 2382). Use \IEEEproof instead.

Underfull \hbox (badness 2809) in paragraph at lines 2403--2407
[][]\OT1/ptm/m/n/10 On the other hand, ac-cord-ing to Lemma 2[], $\OML/cmm/m/it
/10 E \U/msa/m/n/10 
 []

** ATTENTION: \proof is deprecated (line 2412). Use \IEEEproof instead.
[10] [11

] (bare_jrnl.aux) ) 
Here is how much of TeX's memory you used:
 4981 strings out of 95305
 62569 string characters out of 1183059
 162375 words of memory out of 1500000
 8106 multiletter control sequences out of 110000
 33142 words of font info for 86 fonts, out of 3000000 for 5000
 17 hyphenation exceptions out of 8191
 27i,21n,24p,353b,527s stack positions out of 5000i,500n,10000p,200000b,50000s

Output written on bare_jrnl.dvi (11 pages, 111444 bytes).
