This is pdfTeX, Version 3.1415926-2.5-1.40.14 (TeX Live 2013/Debian) (format=latex 2014.9.11)  19 OCT 2014 10:18
entering extended mode
 restricted \write18 enabled.
 %&-line parsing enabled.
**algorithm2e.sty
(./algorithm2e.sty
LaTeX2e <2011/06/27>
Babel <3.9h> and hyphenation patterns for 2 languages loaded.

LaTeX Warning: You have requested package `',
               but the package provides `algorithm2e'.

Package: algorithm2e 2008/00/00 v3.10 algorithms environments
! You can't use `\spacefactor' in vertical mode.
\@->\spacefactor 
                 \@m 
l.660 \@
        makeother\*% some package redefined it as a letter (as color.sty)
Sorry, but I'm not programmed to handle this case;
I'll just pretend that you didn't ask for it.
If you're in the wrong mode, you might be able to
return to the right one by typing `I}' or `I$' or `I\par'.

! Missing $ inserted.
<inserted text> 
                $
l.660 \@
        makeother\*% some package redefined it as a letter (as color.sty)
I've inserted a begin-math/end-math symbol since I think
you left one out. Proceed, with fingers crossed.


! LaTeX Error: Missing \begin{document}.

See the LaTeX manual or LaTeX Companion for explanation.
Type  H <return>  for immediate help.
 ...                                              
                                                  
l.660 \@
        makeother\*% some package redefined it as a letter (as color.sty)
You're in trouble here.  Try typing  <return>  to proceed.
If that doesn't work, type  X <return>  to quit.

LaTeX Font Info:    External font `cmex10' loaded for size
(Font)              <7> on input line 660.
LaTeX Font Info:    External font `cmex10' loaded for size
(Font)              <5> on input line 660.
\c@AlgoLine=\count79
! Missing number, treated as zero.
<to be read again> 
                   a
l.668 \newcommand{\algocf@algocfref}{\relax}
                                            %
A number should have been here; I inserted `0'.
(If you can't figure out why I needed to see a number,
look up `weird error' in the index to The TeXbook.)

! You already have nine parameters.
\reserved@a ...expandafter \algocf \reserved@b #10
                                                  a{
l.668 \newcommand{\algocf@algocfref}{\relax}
                                            %
I'm going to ignore the # sign you just used.

! Use of \@ doesn't match its definition.
l.671 \@i
         fundefined{algorithmautorefname}{\newcommand{\algorithmautorefname}...
If you say, e.g., `\def\a1{...}', then you must always
put `1' after `\a', since control sequence names are
made up of letters only. The macro here has not been
followed by the required stuff, so I'm ignoring it.


! LaTeX Error: \algorithmautorefname undefined.

See the LaTeX manual or LaTeX Companion for explanation.
Type  H <return>  for immediate help.
 ...                                              
                                                  
l.671 ...hm}}{\renewcommand{\algorithmautorefname}
                                                  {algorithm}}%
Try typing  <return>  to proceed.
If that doesn't work, type  X <return>  to quit.

! Missing number, treated as zero.
<to be read again> 
                   t
l.673 \newcommand{\algocf@typo}{}
                                 %
A number should have been here; I inserted `0'.
(If you can't figure out why I needed to see a number,
look up `weird error' in the index to The TeXbook.)

! You already have nine parameters.
\reserved@a ...expandafter \algocf \reserved@b #10
                                                  t{
l.673 \newcommand{\algocf@typo}{}
                                 %
I'm going to ignore the # sign you just used.


! LaTeX Error: Command \@ already defined.
               Or name \end... illegal, see p.192 of the manual.

See the LaTeX manual or LaTeX Companion for explanation.
Type  H <return>  for immediate help.
 ...                                              
                                                  
l.674 \newcommand{\@algocf@procname}{}
                                      \newcommand{\procedureautorefname}{}%
Your command was ignored.
Type  I <command> <return>  to replace it with another command,
or  <return>  to continue without it.

! Missing number, treated as zero.
<to be read again> 
                   l
l.674 \newcommand{\@algocf@procname}{}
                                      \newcommand{\procedureautorefname}{}%
A number should have been here; I inserted `0'.
(If you can't figure out why I needed to see a number,
look up `weird error' in the index to The TeXbook.)

! You already have nine parameters.
\reserved@a ...\def \expandafter \@\reserved@b #10
                                                  l{
l.674 \newcommand{\@algocf@procname}{}
                                      \newcommand{\procedureautorefname}{}%
I'm going to ignore the # sign you just used.


! LaTeX Error: Command \@ already defined.
               Or name \end... illegal, see p.192 of the manual.

See the LaTeX manual or LaTeX Companion for explanation.
Type  H <return>  for immediate help.
 ...                                              
                                                  
l.676 \newcommand{\@algocf@funcname}{}
                                      \newcommand{\functionautorefname}{}%
Your command was ignored.
Type  I <command> <return>  to replace it with another command,
or  <return>  to continue without it.

! Missing number, treated as zero.
<to be read again> 
                   l
l.676 \newcommand{\@algocf@funcname}{}
                                      \newcommand{\functionautorefname}{}%
A number should have been here; I inserted `0'.
(If you can't figure out why I needed to see a number,
look up `weird error' in the index to The TeXbook.)

! You already have nine parameters.
\reserved@a ...\def \expandafter \@\reserved@b #10
                                                  l{
l.676 \newcommand{\@algocf@funcname}{}
                                      \newcommand{\functionautorefname}{}%
I'm going to ignore the # sign you just used.


! LaTeX Error: Command \@ already defined.
               Or name \end... illegal, see p.192 of the manual.

See the LaTeX manual or LaTeX Companion for explanation.
Type  H <return>  for immediate help.
 ...                                              
                                                  
l.678 ...algocf@titleofalgoname}{\algorithmcfname}
                                                  %
Your command was ignored.
Type  I <command> <return>  to replace it with another command,
or  <return>  to continue without it.

! Missing number, treated as zero.
<to be read again> 
                   l
l.678 ...algocf@titleofalgoname}{\algorithmcfname}
                                                  %
A number should have been here; I inserted `0'.
(If you can't figure out why I needed to see a number,
look up `weird error' in the index to The TeXbook.)

! You already have nine parameters.
\reserved@a ...\def \expandafter \@\reserved@b #10
                                                  l{
l.678 ...algocf@titleofalgoname}{\algorithmcfname}
                                                  %
I'm going to ignore the # sign you just used.


! LaTeX Error: Command \@ already defined.
               Or name \end... illegal, see p.192 of the manual.

See the LaTeX manual or LaTeX Companion for explanation.
Type  H <return>  for immediate help.
 ...                                              
                                                  
l.680 ...lgocf@titleofalgoname}{\algorithmcfname}}
                                                  %
Your command was ignored.
Type  I <command> <return>  to replace it with another command,
or  <return>  to continue without it.

! Missing number, treated as zero.
<to be read again> 
                   l
l.680 ...lgocf@titleofalgoname}{\algorithmcfname}}
                                                  %
A number should have been here; I inserted `0'.
(If you can't figure out why I needed to see a number,
look up `weird error' in the index to The TeXbook.)

! You already have nine parameters.
\reserved@a ...\def \expandafter \@\reserved@b #10
                                                  l{
l.680 ...lgocf@titleofalgoname}{\algorithmcfname}}
                                                  %
I'm going to ignore the # sign you just used.


! LaTeX Error: \@algocf@titleofalgonameundefined.

See the LaTeX manual or LaTeX Companion for explanation.
Type  H <return>  for immediate help.
 ...                                              
                                                  
l.680 ...lgocf@titleofalgoname}{\algorithmcfname}}
                                                  %
Try typing  <return>  to proceed.
If that doesn't work, type  X <return>  to quit.


! LaTeX Error: Command \@ already defined.
               Or name \end... illegal, see p.192 of the manual.

See the LaTeX manual or LaTeX Companion for explanation.
Type  H <return>  for immediate help.
 ...                                              
                                                  
l.682 ...lgocf@titleofalgoname}{\algocf@procname}}
                                                  %
Your command was ignored.
Type  I <command> <return>  to replace it with another command,
or  <return>  to continue without it.

! Missing number, treated as zero.
<to be read again> 
                   l
l.682 ...lgocf@titleofalgoname}{\algocf@procname}}
                                                  %
A number should have been here; I inserted `0'.
(If you can't figure out why I needed to see a number,
look up `weird error' in the index to The TeXbook.)

! You already have nine parameters.
\reserved@a ...\def \expandafter \@\reserved@b #10
                                                  l{
l.682 ...lgocf@titleofalgoname}{\algocf@procname}}
                                                  %
I'm going to ignore the # sign you just used.


! LaTeX Error: \@algocf@titleofalgonameundefined.

See the LaTeX manual or LaTeX Companion for explanation.
Type  H <return>  for immediate help.
 ...                                              
                                                  
l.682 ...lgocf@titleofalgoname}{\algocf@procname}}
                                                  %
Try typing  <return>  to proceed.
If that doesn't work, type  X <return>  to quit.

! Missing number, treated as zero.
<to be read again> 
                   s
l.684 \newcommand{\algocf@style}{plain}
                                       %
A number should have been here; I inserted `0'.
(If you can't figure out why I needed to see a number,
look up `weird error' in the index to The TeXbook.)

! You already have nine parameters.
\reserved@a ...expandafter \algocf \reserved@b #10
                                                  s{
l.684 \newcommand{\algocf@style}{plain}
                                       %
I'm going to ignore the # sign you just used.


! LaTeX Error: Command \@ already defined.
               Or name \end... illegal, see p.192 of the manual.

See the LaTeX manual or LaTeX Companion for explanation.
Type  H <return>  for immediate help.
 ...                                              
                                                  
l.685 \newcommand{\@ResetCounterIfNeeded}{}
                                           %
Your command was ignored.
Type  I <command> <return>  to replace it with another command,
or  <return>  to continue without it.

! Missing number, treated as zero.
<to be read again> 
                   e
l.685 \newcommand{\@ResetCounterIfNeeded}{}
                                           %
A number should have been here; I inserted `0'.
(If you can't figure out why I needed to see a number,
look up `weird error' in the index to The TeXbook.)

! You already have nine parameters.
\reserved@a ...\def \expandafter \@\reserved@b #10
                                                  e{
l.685 \newcommand{\@ResetCounterIfNeeded}{}
                                           %
I'm going to ignore the # sign you just used.


! LaTeX Error: Command \@ already defined.
               Or name \end... illegal, see p.192 of the manual.

See the LaTeX manual or LaTeX Companion for explanation.
Type  H <return>  for immediate help.
 ...                                              
                                                  
l.686 \newcommand{\@titleprefix}{}
                                  %
Your command was ignored.
Type  I <command> <return>  to replace it with another command,
or  <return>  to continue without it.

! Missing number, treated as zero.
<to be read again> 
                   i
l.686 \newcommand{\@titleprefix}{}
                                  %
A number should have been here; I inserted `0'.
(If you can't figure out why I needed to see a number,
look up `weird error' in the index to The TeXbook.)

! You already have nine parameters.
\reserved@a ...\def \expandafter \@\reserved@b #10
                                                  i{
l.686 \newcommand{\@titleprefix}{}
                                  %
I'm going to ignore the # sign you just used.

! Missing number, treated as zero.
<to be read again> 
                   n
l.688 ...ring}[1]{\newcommand{\algocf@within}{#1}}
                                                  %
A number should have been here; I inserted `0'.
(If you can't figure out why I needed to see a number,
look up `weird error' in the index to The TeXbook.)

! You already have nine parameters.
\reserved@a ...expandafter \algocf \reserved@b #10
                                                  n{
l.688 ...ring}[1]{\newcommand{\algocf@within}{#1}}
                                                  %
I'm going to ignore the # sign you just used.


! LaTeX Error: Command \algocf already defined.
               Or name \end... illegal, see p.192 of the manual.

See the LaTeX manual or LaTeX Companion for explanation.
Type  H <return>  for immediate help.
 ...                                              
                                                  
l.688 ...ring}[1]{\newcommand{\algocf@within}{#1}}
                                                  %
Your command was ignored.
Type  I <command> <return>  to replace it with another command,
or  <return>  to continue without it.

! Missing number, treated as zero.
<to be read again> 
                   w
l.688 ...ring}[1]{\newcommand{\algocf@within}{#1}}
                                                  %
A number should have been here; I inserted `0'.
(If you can't figure out why I needed to see a number,
look up `weird error' in the index to The TeXbook.)

! You already have nine parameters.
\reserved@a ...expandafter \algocf \reserved@b #10
                                                  w{
l.688 ...ring}[1]{\newcommand{\algocf@within}{#1}}
                                                  %
I'm going to ignore the # sign you just used.

! You can't use `macro parameter character #' in math mode.
<argument> ##
             1
l.688 ...ring}[1]{\newcommand{\algocf@within}{#1}}
                                                  %
Sorry, but I'm not programmed to handle this case;
I'll just pretend that you didn't ask for it.
If you're in the wrong mode, you might be able to
return to the right one by typing `I}' or `I$' or `I\par'.

! Missing number, treated as zero.
<to be read again> 
                   a
l.690 ...tsmacros@algo}{\algocf@defaults@shortend}
                                                  %
A number should have been here; I inserted `0'.
(If you can't figure out why I needed to see a number,
look up `weird error' in the index to The TeXbook.)

! You already have nine parameters.
\reserved@a ...ter \defaultsmacros \reserved@b #10
                                                  a{
l.690 ...tsmacros@algo}{\algocf@defaults@shortend}
                                                  %
I'm going to ignore the # sign you just used.

! Missing number, treated as zero.
<to be read again> 
                   l
l.692 \newcommand{\algocf@list}{loa}
                                    %
A number should have been here; I inserted `0'.
(If you can't figure out why I needed to see a number,
look up `weird error' in the index to The TeXbook.)

! You already have nine parameters.
\reserved@a ...expandafter \algocf \reserved@b #10
                                                  l{
l.692 \newcommand{\algocf@list}{loa}
                                    %
I'm going to ignore the # sign you just used.

! Missing number, treated as zero.
<to be read again> 
                   f
l.693 \newcommand{\algocf@float}{algocf}
                                        %
A number should have been here; I inserted `0'.
(If you can't figure out why I needed to see a number,
look up `weird error' in the index to The TeXbook.)

! You already have nine parameters.
\reserved@a ...expandafter \algocf \reserved@b #10
                                                  f{
l.693 \newcommand{\algocf@float}{algocf}
                                        %
I'm going to ignore the # sign you just used.

! Missing number, treated as zero.
<to be read again> 
                   e
l.695 \newcommand{\algocf@envname}{algorithm}
                                             %
A number should have been here; I inserted `0'.
(If you can't figure out why I needed to see a number,
look up `weird error' in the index to The TeXbook.)

! You already have nine parameters.
\reserved@a ...expandafter \algocf \reserved@b #10
                                                  e{
l.695 \newcommand{\algocf@envname}{algorithm}
                                             %
I'm going to ignore the # sign you just used.

! Missing number, treated as zero.
<to be read again> 
                   l
l.696 ...lgocf@listofalgorithms}{listofalgorithms}
                                                  %
A number should have been here; I inserted `0'.
(If you can't figure out why I needed to see a number,
look up `weird error' in the index to The TeXbook.)

! You already have nine parameters.
\reserved@a ...expandafter \algocf \reserved@b #10
                                                  l{
l.696 ...lgocf@listofalgorithms}{listofalgorithms}
                                                  %
I'm going to ignore the # sign you just used.

! Undefined control sequence.
l.700 \let\algocf@original@chapter=\chapter
                                           %
The control sequence at the end of the top line
of your error message was never \def'ed. If you have
misspelled it (e.g., `\hobx'), type `I' and the correct
spelling (e.g., `I\hbox'). Otherwise just continue,
and I'll forget about whatever was undefined.

(/usr/share/texlive/texmf-dist/tex/latex/base/ifthen.sty
Package: ifthen 2001/05/26 v1.1c Standard LaTeX ifthen package (DPC)
)

! LaTeX Error: Command \algocf already defined.
               Or name \end... illegal, see p.192 of the manual.

See the LaTeX manual or LaTeX Companion for explanation.
Type  H <return>  for immediate help.
 ...                                              
                                                  
l.757 ...command{\algocf@languagechoosen}{english}
                                                  %
Your command was ignored.
Type  I <command> <return>  to replace it with another command,
or  <return>  to continue without it.

! Missing number, treated as zero.
<to be read again> 
                   l
l.757 ...command{\algocf@languagechoosen}{english}
                                                  %
A number should have been here; I inserted `0'.
(If you can't figure out why I needed to see a number,
look up `weird error' in the index to The TeXbook.)

! You already have nine parameters.
\reserved@a ...expandafter \algocf \reserved@b #10
                                                  l{
l.757 ...command{\algocf@languagechoosen}{english}
                                                  %
I'm going to ignore the # sign you just used.


! LaTeX Error: Command \algocf already defined.
               Or name \end... illegal, see p.192 of the manual.

See the LaTeX manual or LaTeX Companion for explanation.
Type  H <return>  for immediate help.
 ...                                              
                                                  
l.851 ...ain}{\renewcommand{\algocf@style}{plain}}
                                                  %
Your command was ignored.
Type  I <command> <return>  to replace it with another command,
or  <return>  to continue without it.

! Missing number, treated as zero.
<to be read again> 
                   s
l.851 ...ain}{\renewcommand{\algocf@style}{plain}}
                                                  %
A number should have been here; I inserted `0'.
(If you can't figure out why I needed to see a number,
look up `weird error' in the index to The TeXbook.)

! You already have nine parameters.
\reserved@a ...expandafter \algocf \reserved@b #10
                                                  s{
l.851 ...ain}{\renewcommand{\algocf@style}{plain}}
                                                  %
I'm going to ignore the # sign you just used.


! LaTeX Error: \algocf @styleundefined.

See the LaTeX manual or LaTeX Companion for explanation.
Type  H <return>  for immediate help.
 ...                                              
                                                  
l.851 ...ain}{\renewcommand{\algocf@style}{plain}}
                                                  %
Try typing  <return>  to proceed.
If that doesn't work, type  X <return>  to quit.


! LaTeX Error: Command \algocf already defined.
               Or name \end... illegal, see p.192 of the manual.

See the LaTeX manual or LaTeX Companion for explanation.
Type  H <return>  for immediate help.
 ...                                              
                                                  
l.852 ...xed}{\renewcommand{\algocf@style}{boxed}}
                                                  %
Your command was ignored.
Type  I <command> <return>  to replace it with another command,
or  <return>  to continue without it.

! Missing number, treated as zero.
<to be read again> 
                   s
l.852 ...xed}{\renewcommand{\algocf@style}{boxed}}
                                                  %
A number should have been here; I inserted `0'.
(If you can't figure out why I needed to see a number,
look up `weird error' in the index to The TeXbook.)

! You already have nine parameters.
\reserved@a ...expandafter \algocf \reserved@b #10
                                                  s{
l.852 ...xed}{\renewcommand{\algocf@style}{boxed}}
                                                  %
I'm going to ignore the # sign you just used.


! LaTeX Error: \algocf @styleundefined.

See the LaTeX manual or LaTeX Companion for explanation.
Type  H <return>  for immediate help.
 ...                                              
                                                  
l.852 ...xed}{\renewcommand{\algocf@style}{boxed}}
                                                  %
Try typing  <return>  to proceed.
If that doesn't work, type  X <return>  to quit.


! LaTeX Error: Command \algocf already defined.
               Or name \end... illegal, see p.192 of the manual.

See the LaTeX manual or LaTeX Companion for explanation.
Type  H <return>  for immediate help.
 ...                                              
                                                  
l.853 ...led}{\renewcommand{\algocf@style}{ruled}}
                                                  %
Your command was ignored.
Type  I <command> <return>  to replace it with another command,
or  <return>  to continue without it.

! Missing number, treated as zero.
<to be read again> 
                   s
l.853 ...led}{\renewcommand{\algocf@style}{ruled}}
                                                  %
A number should have been here; I inserted `0'.
(If you can't figure out why I needed to see a number,
look up `weird error' in the index to The TeXbook.)

! You already have nine parameters.
\reserved@a ...expandafter \algocf \reserved@b #10
                                                  s{
l.853 ...led}{\renewcommand{\algocf@style}{ruled}}
                                                  %
I'm going to ignore the # sign you just used.


! LaTeX Error: \algocf @styleundefined.

See the LaTeX manual or LaTeX Companion for explanation.
Type  H <return>  for immediate help.
 ...                                              
                                                  
l.853 ...led}{\renewcommand{\algocf@style}{ruled}}
                                                  %
Try typing  <return>  to proceed.
If that doesn't work, type  X <return>  to quit.


! LaTeX Error: Command \algocf already defined.
               Or name \end... illegal, see p.192 of the manual.

See the LaTeX manual or LaTeX Companion for explanation.
Type  H <return>  for immediate help.
 ...                                              
                                                  
l.854 ...{\renewcommand{\algocf@style}{algoruled}}
                                                  %
Your command was ignored.
Type  I <command> <return>  to replace it with another command,
or  <return>  to continue without it.

! Missing number, treated as zero.
<to be read again> 
                   s
l.854 ...{\renewcommand{\algocf@style}{algoruled}}
                                                  %
A number should have been here; I inserted `0'.
(If you can't figure out why I needed to see a number,
look up `weird error' in the index to The TeXbook.)

! You already have nine parameters.
\reserved@a ...expandafter \algocf \reserved@b #10
                                                  s{
l.854 ...{\renewcommand{\algocf@style}{algoruled}}
                                                  %
I'm going to ignore the # sign you just used.


! LaTeX Error: \algocf @styleundefined.

See the LaTeX manual or LaTeX Companion for explanation.
Type  H <return>  for immediate help.
 ...                                              
                                                  
l.854 ...{\renewcommand{\algocf@style}{algoruled}}
                                                  %
Try typing  <return>  to proceed.
If that doesn't work, type  X <return>  to quit.


! LaTeX Error: Command \algocf already defined.
               Or name \end... illegal, see p.192 of the manual.

See the LaTeX manual or LaTeX Companion for explanation.
Type  H <return>  for immediate help.
 ...                                              
                                                  
l.855 ...}{\renewcommand{\algocf@style}{boxruled}}
                                                  %
Your command was ignored.
Type  I <command> <return>  to replace it with another command,
or  <return>  to continue without it.

! Missing number, treated as zero.
<to be read again> 
                   s
l.855 ...}{\renewcommand{\algocf@style}{boxruled}}
                                                  %
A number should have been here; I inserted `0'.
(If you can't figure out why I needed to see a number,
look up `weird error' in the index to The TeXbook.)

! You already have nine parameters.
\reserved@a ...expandafter \algocf \reserved@b #10
                                                  s{
l.855 ...}{\renewcommand{\algocf@style}{boxruled}}
                                                  %
I'm going to ignore the # sign you just used.


! LaTeX Error: \algocf @styleundefined.

See the LaTeX manual or LaTeX Companion for explanation.
Type  H <return>  for immediate help.
 ...                                              
                                                  
l.855 ...}{\renewcommand{\algocf@style}{boxruled}}
                                                  %
Try typing  <return>  to proceed.
If that doesn't work, type  X <return>  to quit.


! LaTeX Error: Command \algocf already defined.
               Or name \end... illegal, see p.192 of the manual.

See the LaTeX manual or LaTeX Companion for explanation.
Type  H <return>  for immediate help.
 ...                                              
                                                  
l.856 ...}{\renewcommand{\algocf@style}{tworuled}}
                                                  %
Your command was ignored.
Type  I <command> <return>  to replace it with another command,
or  <return>  to continue without it.

! Missing number, treated as zero.
<to be read again> 
                   s
l.856 ...}{\renewcommand{\algocf@style}{tworuled}}
                                                  %
A number should have been here; I inserted `0'.
(If you can't figure out why I needed to see a number,
look up `weird error' in the index to The TeXbook.)

! You already have nine parameters.
\reserved@a ...expandafter \algocf \reserved@b #10
                                                  s{
l.856 ...}{\renewcommand{\algocf@style}{tworuled}}
                                                  %
I'm going to ignore the # sign you just used.


! LaTeX Error: \algocf @styleundefined.

See the LaTeX manual or LaTeX Companion for explanation.
Type  H <return>  for immediate help.
 ...                                              
                                                  
l.856 ...}{\renewcommand{\algocf@style}{tworuled}}
                                                  %
Try typing  <return>  to proceed.
If that doesn't work, type  X <return>  to quit.


! LaTeX Error: Command \algocf already defined.
               Or name \end... illegal, see p.192 of the manual.

See the LaTeX manual or LaTeX Companion for explanation.
Type  H <return>  for immediate help.
 ...                                              
                                                  
l.879 \newcommand{\algocf@linesnumbered}{\relax}
                                                %
Your command was ignored.
Type  I <command> <return>  to replace it with another command,
or  <return>  to continue without it.

! Missing number, treated as zero.
<to be read again> 
                   l
l.879 \newcommand{\algocf@linesnumbered}{\relax}
                                                %
A number should have been here; I inserted `0'.
(If you can't figure out why I needed to see a number,
look up `weird error' in the index to The TeXbook.)

! You already have nine parameters.
\reserved@a ...expandafter \algocf \reserved@b #10
                                                  l{
l.879 \newcommand{\algocf@linesnumbered}{\relax}
                                                %
I'm going to ignore the # sign you just used.


! LaTeX Error: \algorithmautorefname undefined.

See the LaTeX manual or LaTeX Companion for explanation.
Type  H <return>  for immediate help.
 ...                                              
                                                  
l.966 ...setcount,titlenotnumbered,lined,shortend}
                                                  %
Try typing  <return>  to proceed.
If that doesn't work, type  X <return>  to quit.


! LaTeX Error: \algocf @typoundefined.

See the LaTeX manual or LaTeX Companion for explanation.
Type  H <return>  for immediate help.
 ...                                              
                                                  
l.966 ...setcount,titlenotnumbered,lined,shortend}
                                                  %
Try typing  <return>  to proceed.
If that doesn't work, type  X <return>  to quit.


! LaTeX Error: \@algocf@procnameundefined.

See the LaTeX manual or LaTeX Companion for explanation.
Type  H <return>  for immediate help.
 ...                                              
                                                  
l.966 ...setcount,titlenotnumbered,lined,shortend}
                                                  %
Try typing  <return>  to proceed.
If that doesn't work, type  X <return>  to quit.


! LaTeX Error: \@algocf@funcnameundefined.

See the LaTeX manual or LaTeX Companion for explanation.
Type  H <return>  for immediate help.
 ...                                              
                                                  
l.966 ...setcount,titlenotnumbered,lined,shortend}
                                                  %
Try typing  <return>  to proceed.
If that doesn't work, type  X <return>  to quit.


! LaTeX Error: \algocf @languagechoosenundefined.

See the LaTeX manual or LaTeX Companion for explanation.
Type  H <return>  for immediate help.
 ...                                              
                                                  
l.966 ...setcount,titlenotnumbered,lined,shortend}
                                                  %
Try typing  <return>  to proceed.
If that doesn't work, type  X <return>  to quit.


! LaTeX Error: \@ResetCounterIfNeededundefined.

See the LaTeX manual or LaTeX Companion for explanation.
Type  H <return>  for immediate help.
 ...                                              
                                                  
l.966 ...setcount,titlenotnumbered,lined,shortend}
                                                  %
Try typing  <return>  to proceed.
If that doesn't work, type  X <return>  to quit.


! LaTeX Error: \@titleprefixundefined.

See the LaTeX manual or LaTeX Companion for explanation.
Type  H <return>  for immediate help.
 ...                                              
                                                  
l.966 ...setcount,titlenotnumbered,lined,shortend}
                                                  %
Try typing  <return>  to proceed.
If that doesn't work, type  X <return>  to quit.

! Undefined control sequence.
\ds@titlenotnumbered ...@titleprefix}{\AlTitleSty 
                                                  {\AlTitleFnt \@algocf@titl...
l.966 ...setcount,titlenotnumbered,lined,shortend}
                                                  %
The control sequence at the end of the top line
of your error message was never \def'ed. If you have
misspelled it (e.g., `\hobx'), type `I' and the correct
spelling (e.g., `I\hbox'). Otherwise just continue,
and I'll forget about whatever was undefined.

! Undefined control sequence.
\ds@titlenotnumbered ...{\AlTitleSty {\AlTitleFnt 
                                                  \@algocf@titleofalgoname\a...
l.966 ...setcount,titlenotnumbered,lined,shortend}
                                                  %
The control sequence at the end of the top line
of your error message was never \def'ed. If you have
misspelled it (e.g., `\hobx'), type `I' and the correct
spelling (e.g., `I\hbox'). Otherwise just continue,
and I'll forget about whatever was undefined.

(/usr/share/texlive/texmf-dist/tex/latex/tools/xspace.sty
Package: xspace 2009/10/20 v1.13 Space after command names (DPC,MH)
)

! LaTeX Error: File `relsize.sty' not found.

Type X to quit or <RETURN> to proceed,
or enter new name. (Default extension: sty)

Enter file name: 
! Emergency stop.
<read *> 
         
l.987 \ifthenelse
                 {\boolean{algocf@slide}}{\RequirePackage{color}}{}%^^M
*** (cannot \read from terminal in nonstop modes)

 
Here is how much of TeX's memory you used:
 217 strings out of 495029
 3297 string characters out of 6181523
 52134 words of memory out of 5000000
 3519 multiletter control sequences out of 15000+600000
 3640 words of font info for 14 fonts, out of 8000000 for 9000
 14 hyphenation exceptions out of 8191
 18i,5n,19p,180b,251s stack positions out of 5000i,500n,10000p,200000b,80000s
No pages of output.
